#
# There is insufficient memory for the Java Runtime Environment to continue.
# Native memory allocation (malloc) failed to allocate 80576 bytes for Chunk::new
# Possible reasons:
#   The system is out of physical RAM or swap space
#   The process is running with CompressedOops enabled, and the Java Heap may be blocking the growth of the native heap
# Possible solutions:
#   Reduce memory load on the system
#   Increase physical memory or swap space
#   Check if swap backing store is full
#   Decrease Java heap size (-Xmx/-Xms)
#   Decrease number of Java threads
#   Decrease Java thread stack sizes (-Xss)
#   Set larger code cache with -XX:ReservedCodeCacheSize=
#   JVM is running with Zero Based Compressed Oops mode in which the Java heap is
#     placed in the first 32GB address space. The Java Heap base address is the
#     maximum limit for the native heap growth. Please use -XX:HeapBaseMinAddress
#     to set the Java Heap base and to place the Java Heap above 32GB virtual address.
# This output file may be truncated or incomplete.
#
#  Out of Memory Error (t:/workspace/open/src/hotspot/share/memory/arena.cpp:196), pid=24212, tid=16944
#
# JRE version: Java(TM) SE Runtime Environment (13.0.2+8) (build 13.0.2+8)
# Java VM: Java HotSpot(TM) 64-Bit Server VM (13.0.2+8, mixed mode, sharing, tiered, compressed oops, g1 gc, windows-amd64)
# No core dump will be written. Minidumps are not enabled by default on client versions of Windows
#

---------------  S U M M A R Y ------------

Command Line: -Dfile.encoding=Cp1252 Program

Host: Intel(R) Core(TM) i7-4790 CPU @ 3.60GHz, 8 cores, 15G,  Windows 10 , 64 bit Build 18362 (10.0.18362.900)
Time: Sun Jun 14 18:15:12 2020 E. South America Standard Time elapsed time: 5155 seconds (0d 1h 25m 55s)

---------------  T H R E A D  ---------------

Current thread (0x0000023ce0b8d800):  JavaThread "C2 CompilerThread0" daemon [_thread_in_native, id=16944, stack(0x0000003f7ac00000,0x0000003f7ad00000)]


Current CompileTask:
C2:5155831 2172 % !   4       sun.java2d.d3d.D3DScreenUpdateManager::run @ 105 (267 bytes)

Stack: [0x0000003f7ac00000,0x0000003f7ad00000]
Native frames: (J=compiled Java code, j=interpreted, Vv=VM code, C=native code)
V  [jvm.dll+0x624f9a]
V  [jvm.dll+0x770cfa]
V  [jvm.dll+0x7724af]
V  [jvm.dll+0x772ab3]
V  [jvm.dll+0x24bf08]
V  [jvm.dll+0xc1e47]
V  [jvm.dll+0xc23cc]
V  [jvm.dll+0x2bdbf4]
V  [jvm.dll+0x5441fd]
V  [jvm.dll+0x20de66]
V  [jvm.dll+0x207318]
V  [jvm.dll+0x204d1d]
V  [jvm.dll+0x189c2c]
V  [jvm.dll+0x213e6d]
V  [jvm.dll+0x2120bb]
V  [jvm.dll+0x736bb6]
V  [jvm.dll+0x72fcaa]
V  [jvm.dll+0x623ea6]
C  [ucrtbase.dll+0x20e82]
C  [KERNEL32.DLL+0x17bd4]
C  [ntdll.dll+0x6ce51]


---------------  P R O C E S S  ---------------

Threads class SMR info:
_java_thread_list=0x0000023ce982bcf0, length=16, elements={
0x0000023ce02e8800, 0x0000023ce02eb800, 0x0000023ce0b8a800, 0x0000023ce0b8c000,
0x0000023ce0b8d800, 0x0000023ce0b93000, 0x0000023ce0bbc800, 0x0000023ce0cf6800,
0x0000023ce0d05000, 0x0000023ce1050800, 0x0000023ce1097000, 0x0000023ce109a800,
0x0000023ce9712000, 0x0000023cbc68b800, 0x0000023ce9703800, 0x0000023ce9922800
}

Java Threads: ( => current thread )
  0x0000023ce02e8800 JavaThread "Reference Handler" daemon [_thread_blocked, id=29348, stack(0x0000003f7a800000,0x0000003f7a900000)]
  0x0000023ce02eb800 JavaThread "Finalizer" daemon [_thread_blocked, id=23508, stack(0x0000003f7a900000,0x0000003f7aa00000)]
  0x0000023ce0b8a800 JavaThread "Signal Dispatcher" daemon [_thread_blocked, id=29332, stack(0x0000003f7aa00000,0x0000003f7ab00000)]
  0x0000023ce0b8c000 JavaThread "Attach Listener" daemon [_thread_blocked, id=29436, stack(0x0000003f7ab00000,0x0000003f7ac00000)]
=>0x0000023ce0b8d800 JavaThread "C2 CompilerThread0" daemon [_thread_in_native, id=16944, stack(0x0000003f7ac00000,0x0000003f7ad00000)]
  0x0000023ce0b93000 JavaThread "C1 CompilerThread0" daemon [_thread_blocked, id=19776, stack(0x0000003f7ad00000,0x0000003f7ae00000)]
  0x0000023ce0bbc800 JavaThread "Sweeper thread" daemon [_thread_blocked, id=26832, stack(0x0000003f7ae00000,0x0000003f7af00000)]
  0x0000023ce0cf6800 JavaThread "Service Thread" daemon [_thread_blocked, id=28720, stack(0x0000003f7af00000,0x0000003f7b000000)]
  0x0000023ce0d05000 JavaThread "Common-Cleaner" daemon [_thread_blocked, id=24984, stack(0x0000003f7b100000,0x0000003f7b200000)]
  0x0000023ce1050800 JavaThread "Java2D Disposer" daemon [_thread_blocked, id=29088, stack(0x0000003f7b200000,0x0000003f7b300000)]
  0x0000023ce1097000 JavaThread "AWT-Shutdown" [_thread_blocked, id=26932, stack(0x0000003f7b300000,0x0000003f7b400000)]
  0x0000023ce109a800 JavaThread "AWT-Windows" daemon [_thread_in_native, id=19372, stack(0x0000003f7b400000,0x0000003f7b500000)]
  0x0000023ce9712000 JavaThread "AWT-EventQueue-0" [_thread_blocked, id=26864, stack(0x0000003f7b800000,0x0000003f7b900000)]
  0x0000023cbc68b800 JavaThread "DestroyJavaVM" [_thread_blocked, id=29164, stack(0x0000003f7a100000,0x0000003f7a200000)]
  0x0000023ce9703800 JavaThread "D3D Screen Updater" daemon [_thread_blocked, id=27200, stack(0x0000003f7b900000,0x0000003f7ba00000)]
  0x0000023ce9922800 JavaThread "TimerQueue" daemon [_thread_blocked, id=27600, stack(0x0000003f7bd00000,0x0000003f7be00000)]

Other Threads:
  0x0000023ce02e3000 VMThread "VM Thread" [stack: 0x0000003f7a700000,0x0000003f7a800000] [id=28936]
  0x0000023ce0d04800 WatcherThread [stack: 0x0000003f7b000000,0x0000003f7b100000] [id=29260]
  0x0000023cbc6f9000 GCTaskThread "GC Thread#0" [stack: 0x0000003f7a200000,0x0000003f7a300000] [id=28384]
  0x0000023cea297800 GCTaskThread "GC Thread#1" [stack: 0x0000003f7bf00000,0x0000003f7c000000] [id=27404]
  0x0000023cea28e000 GCTaskThread "GC Thread#2" [stack: 0x0000003f7c000000,0x0000003f7c100000] [id=27388]
  0x0000023cea28e800 GCTaskThread "GC Thread#3" [stack: 0x0000003f7c100000,0x0000003f7c200000] [id=16632]
  0x0000023cea2c0800 GCTaskThread "GC Thread#4" [stack: 0x0000003f7c200000,0x0000003f7c300000] [id=26724]
  0x0000023cea2c1800 GCTaskThread "GC Thread#5" [stack: 0x0000003f7c300000,0x0000003f7c400000] [id=26308]
  0x0000023cbc71c000 ConcurrentGCThread "G1 Main Marker" [stack: 0x0000003f7a300000,0x0000003f7a400000] [id=28380]
  0x0000023cbc71e000 ConcurrentGCThread "G1 Conc#0" [stack: 0x0000003f7a400000,0x0000003f7a500000] [id=29188]
  0x0000023ce01dd800 ConcurrentGCThread "G1 Refine#0" [stack: 0x0000003f7a500000,0x0000003f7a600000] [id=26836]
  0x0000023ce01df000 ConcurrentGCThread "G1 Young RemSet Sampling" [stack: 0x0000003f7a600000,0x0000003f7a700000] [id=21168]

Threads with active compile tasks:
C2 CompilerThread0  5155848 2172 % !   4       sun.java2d.d3d.D3DScreenUpdateManager::run @ 105 (267 bytes)

VM state:not at safepoint (normal execution)

VM Mutex/Monitor currently owned by a thread: None

Heap address: 0x0000000700e00000, size: 4082 MB, Compressed Oops mode: Zero based, Oop shift amount: 3
Narrow klass base: 0x0000000800000000, Narrow klass shift: 3
Compressed class space size: 1073741824 Address: 0x0000000800b40000

Heap:
 garbage-first heap   total 262144K, used 69009K [0x0000000700e00000, 0x0000000800000000)
  region size 1024K, 52 young (53248K), 3 survivors (3072K)
 Metaspace       used 11682K, capacity 11941K, committed 12160K, reserved 1060864K
  class space    used 1259K, capacity 1385K, committed 1408K, reserved 1048576K
Heap Regions: E=young(eden), S=young(survivor), O=old, HS=humongous(starts), HC=humongous(continues), CS=collection set, F=free, A=archive, TAMS=top-at-mark-start (previous, next)
|   0|0x0000000700e00000, 0x0000000700f00000, 0x0000000700f00000|100%|HS|  |TAMS 0x0000000700e00000, 0x0000000700e00000| Complete 
|   1|0x0000000700f00000, 0x0000000701000000, 0x0000000701000000|100%|HS|  |TAMS 0x0000000700f00000, 0x0000000700f00000| Complete 
|   2|0x0000000701000000, 0x0000000701100000, 0x0000000701100000|100%|HC|  |TAMS 0x0000000701000000, 0x0000000701000000| Complete 
|   3|0x0000000701100000, 0x0000000701200000, 0x0000000701200000|100%|HC|  |TAMS 0x0000000701100000, 0x0000000701100000| Complete 
|   4|0x0000000701200000, 0x0000000701300000, 0x0000000701300000|100%|HC|  |TAMS 0x0000000701200000, 0x0000000701200000| Complete 
|   5|0x0000000701300000, 0x0000000701400000, 0x0000000701400000|100%|HS|  |TAMS 0x0000000701300000, 0x0000000701300000| Complete 
|   6|0x0000000701400000, 0x0000000701500000, 0x0000000701500000|100%|HC|  |TAMS 0x0000000701400000, 0x0000000701400000| Complete 
|   7|0x0000000701500000, 0x0000000701600000, 0x0000000701600000|100%|HC|  |TAMS 0x0000000701500000, 0x0000000701500000| Complete 
|   8|0x0000000701600000, 0x0000000701664600, 0x0000000701700000| 39%| O|  |TAMS 0x0000000701600000, 0x0000000701600000| Untracked 
|   9|0x0000000701700000, 0x0000000701800000, 0x0000000701800000|100%|HS|  |TAMS 0x0000000701700000, 0x0000000701700000| Complete 
|  10|0x0000000701800000, 0x0000000701900000, 0x0000000701900000|100%|HC|  |TAMS 0x0000000701800000, 0x0000000701800000| Complete 
|  11|0x0000000701900000, 0x0000000701a00000, 0x0000000701a00000|100%|HC|  |TAMS 0x0000000701900000, 0x0000000701900000| Complete 
|  12|0x0000000701a00000, 0x0000000701b00000, 0x0000000701b00000|100%|HC|  |TAMS 0x0000000701a00000, 0x0000000701a00000| Complete 
|  13|0x0000000701b00000, 0x0000000701c00000, 0x0000000701c00000|100%|HS|  |TAMS 0x0000000701b00000, 0x0000000701b00000| Complete 
|  14|0x0000000701c00000, 0x0000000701d00000, 0x0000000701d00000|100%|HC|  |TAMS 0x0000000701c00000, 0x0000000701c00000| Complete 
|  15|0x0000000701d00000, 0x0000000701e00000, 0x0000000701e00000|100%|HC|  |TAMS 0x0000000701d00000, 0x0000000701d00000| Complete 
|  16|0x0000000701e00000, 0x0000000701f00000, 0x0000000701f00000|100%|HC|  |TAMS 0x0000000701e00000, 0x0000000701e00000| Complete 
|  17|0x0000000701f00000, 0x0000000701f00000, 0x0000000702000000|  0%| F|  |TAMS 0x0000000701f00000, 0x0000000701f00000| Untracked 
|  18|0x0000000702000000, 0x0000000702000000, 0x0000000702100000|  0%| F|  |TAMS 0x0000000702000000, 0x0000000702000000| Untracked 
|  19|0x0000000702100000, 0x0000000702100000, 0x0000000702200000|  0%| F|  |TAMS 0x0000000702100000, 0x0000000702100000| Untracked 
|  20|0x0000000702200000, 0x0000000702200000, 0x0000000702300000|  0%| F|  |TAMS 0x0000000702200000, 0x0000000702200000| Untracked 
|  21|0x0000000702300000, 0x0000000702300000, 0x0000000702400000|  0%| F|  |TAMS 0x0000000702300000, 0x0000000702300000| Untracked 
|  22|0x0000000702400000, 0x0000000702400000, 0x0000000702500000|  0%| F|  |TAMS 0x0000000702400000, 0x0000000702400000| Untracked 
|  23|0x0000000702500000, 0x0000000702500000, 0x0000000702600000|  0%| F|  |TAMS 0x0000000702500000, 0x0000000702500000| Untracked 
|  24|0x0000000702600000, 0x0000000702600000, 0x0000000702700000|  0%| F|  |TAMS 0x0000000702600000, 0x0000000702600000| Untracked 
|  25|0x0000000702700000, 0x0000000702700000, 0x0000000702800000|  0%| F|  |TAMS 0x0000000702700000, 0x0000000702700000| Untracked 
|  26|0x0000000702800000, 0x0000000702800000, 0x0000000702900000|  0%| F|  |TAMS 0x0000000702800000, 0x0000000702800000| Untracked 
|  27|0x0000000702900000, 0x0000000702900000, 0x0000000702a00000|  0%| F|  |TAMS 0x0000000702900000, 0x0000000702900000| Untracked 
|  28|0x0000000702a00000, 0x0000000702a00000, 0x0000000702b00000|  0%| F|  |TAMS 0x0000000702a00000, 0x0000000702a00000| Untracked 
|  29|0x0000000702b00000, 0x0000000702b00000, 0x0000000702c00000|  0%| F|  |TAMS 0x0000000702b00000, 0x0000000702b00000| Untracked 
|  30|0x0000000702c00000, 0x0000000702c00000, 0x0000000702d00000|  0%| F|  |TAMS 0x0000000702c00000, 0x0000000702c00000| Untracked 
|  31|0x0000000702d00000, 0x0000000702d00000, 0x0000000702e00000|  0%| F|  |TAMS 0x0000000702d00000, 0x0000000702d00000| Untracked 
|  32|0x0000000702e00000, 0x0000000702e00000, 0x0000000702f00000|  0%| F|  |TAMS 0x0000000702e00000, 0x0000000702e00000| Untracked 
|  33|0x0000000702f00000, 0x0000000702f00000, 0x0000000703000000|  0%| F|  |TAMS 0x0000000702f00000, 0x0000000702f00000| Untracked 
|  34|0x0000000703000000, 0x0000000703000000, 0x0000000703100000|  0%| F|  |TAMS 0x0000000703000000, 0x0000000703000000| Untracked 
|  35|0x0000000703100000, 0x0000000703100000, 0x0000000703200000|  0%| F|  |TAMS 0x0000000703100000, 0x0000000703100000| Untracked 
|  36|0x0000000703200000, 0x0000000703200000, 0x0000000703300000|  0%| F|  |TAMS 0x0000000703200000, 0x0000000703200000| Untracked 
|  37|0x0000000703300000, 0x0000000703300000, 0x0000000703400000|  0%| F|  |TAMS 0x0000000703300000, 0x0000000703300000| Untracked 
|  38|0x0000000703400000, 0x0000000703400000, 0x0000000703500000|  0%| F|  |TAMS 0x0000000703400000, 0x0000000703400000| Untracked 
|  39|0x0000000703500000, 0x0000000703500000, 0x0000000703600000|  0%| F|  |TAMS 0x0000000703500000, 0x0000000703500000| Untracked 
|  40|0x0000000703600000, 0x0000000703600000, 0x0000000703700000|  0%| F|  |TAMS 0x0000000703600000, 0x0000000703600000| Untracked 
|  41|0x0000000703700000, 0x0000000703700000, 0x0000000703800000|  0%| F|  |TAMS 0x0000000703700000, 0x0000000703700000| Untracked 
|  42|0x0000000703800000, 0x0000000703800000, 0x0000000703900000|  0%| F|  |TAMS 0x0000000703800000, 0x0000000703800000| Untracked 
|  43|0x0000000703900000, 0x0000000703900000, 0x0000000703a00000|  0%| F|  |TAMS 0x0000000703900000, 0x0000000703900000| Untracked 
|  44|0x0000000703a00000, 0x0000000703a00000, 0x0000000703b00000|  0%| F|  |TAMS 0x0000000703a00000, 0x0000000703a00000| Untracked 
|  45|0x0000000703b00000, 0x0000000703b00000, 0x0000000703c00000|  0%| F|  |TAMS 0x0000000703b00000, 0x0000000703b00000| Untracked 
|  46|0x0000000703c00000, 0x0000000703c00000, 0x0000000703d00000|  0%| F|  |TAMS 0x0000000703c00000, 0x0000000703c00000| Untracked 
|  47|0x0000000703d00000, 0x0000000703d00000, 0x0000000703e00000|  0%| F|  |TAMS 0x0000000703d00000, 0x0000000703d00000| Untracked 
|  48|0x0000000703e00000, 0x0000000703e00000, 0x0000000703f00000|  0%| F|  |TAMS 0x0000000703e00000, 0x0000000703e00000| Untracked 
|  49|0x0000000703f00000, 0x0000000703f00000, 0x0000000704000000|  0%| F|  |TAMS 0x0000000703f00000, 0x0000000703f00000| Untracked 
|  50|0x0000000704000000, 0x0000000704000000, 0x0000000704100000|  0%| F|  |TAMS 0x0000000704000000, 0x0000000704000000| Untracked 
|  51|0x0000000704100000, 0x0000000704100000, 0x0000000704200000|  0%| F|  |TAMS 0x0000000704100000, 0x0000000704100000| Untracked 
|  52|0x0000000704200000, 0x0000000704200000, 0x0000000704300000|  0%| F|  |TAMS 0x0000000704200000, 0x0000000704200000| Untracked 
|  53|0x0000000704300000, 0x0000000704300000, 0x0000000704400000|  0%| F|  |TAMS 0x0000000704300000, 0x0000000704300000| Untracked 
|  54|0x0000000704400000, 0x0000000704400000, 0x0000000704500000|  0%| F|  |TAMS 0x0000000704400000, 0x0000000704400000| Untracked 
|  55|0x0000000704500000, 0x0000000704500000, 0x0000000704600000|  0%| F|  |TAMS 0x0000000704500000, 0x0000000704500000| Untracked 
|  56|0x0000000704600000, 0x0000000704600000, 0x0000000704700000|  0%| F|  |TAMS 0x0000000704600000, 0x0000000704600000| Untracked 
|  57|0x0000000704700000, 0x0000000704700000, 0x0000000704800000|  0%| F|  |TAMS 0x0000000704700000, 0x0000000704700000| Untracked 
|  58|0x0000000704800000, 0x0000000704800000, 0x0000000704900000|  0%| F|  |TAMS 0x0000000704800000, 0x0000000704800000| Untracked 
|  59|0x0000000704900000, 0x0000000704900000, 0x0000000704a00000|  0%| F|  |TAMS 0x0000000704900000, 0x0000000704900000| Untracked 
|  60|0x0000000704a00000, 0x0000000704a00000, 0x0000000704b00000|  0%| F|  |TAMS 0x0000000704a00000, 0x0000000704a00000| Untracked 
|  61|0x0000000704b00000, 0x0000000704b00000, 0x0000000704c00000|  0%| F|  |TAMS 0x0000000704b00000, 0x0000000704b00000| Untracked 
|  62|0x0000000704c00000, 0x0000000704c00000, 0x0000000704d00000|  0%| F|  |TAMS 0x0000000704c00000, 0x0000000704c00000| Untracked 
|  63|0x0000000704d00000, 0x0000000704d00000, 0x0000000704e00000|  0%| F|  |TAMS 0x0000000704d00000, 0x0000000704d00000| Untracked 
|  64|0x0000000704e00000, 0x0000000704e00000, 0x0000000704f00000|  0%| F|  |TAMS 0x0000000704e00000, 0x0000000704e00000| Untracked 
|  65|0x0000000704f00000, 0x0000000704f00000, 0x0000000705000000|  0%| F|  |TAMS 0x0000000704f00000, 0x0000000704f00000| Untracked 
|  66|0x0000000705000000, 0x0000000705000000, 0x0000000705100000|  0%| F|  |TAMS 0x0000000705000000, 0x0000000705000000| Untracked 
|  67|0x0000000705100000, 0x0000000705100000, 0x0000000705200000|  0%| F|  |TAMS 0x0000000705100000, 0x0000000705100000| Untracked 
|  68|0x0000000705200000, 0x0000000705200000, 0x0000000705300000|  0%| F|  |TAMS 0x0000000705200000, 0x0000000705200000| Untracked 
|  69|0x0000000705300000, 0x0000000705300000, 0x0000000705400000|  0%| F|  |TAMS 0x0000000705300000, 0x0000000705300000| Untracked 
|  70|0x0000000705400000, 0x0000000705400000, 0x0000000705500000|  0%| F|  |TAMS 0x0000000705400000, 0x0000000705400000| Untracked 
|  71|0x0000000705500000, 0x0000000705500000, 0x0000000705600000|  0%| F|  |TAMS 0x0000000705500000, 0x0000000705500000| Untracked 
|  72|0x0000000705600000, 0x0000000705600000, 0x0000000705700000|  0%| F|  |TAMS 0x0000000705600000, 0x0000000705600000| Untracked 
|  73|0x0000000705700000, 0x0000000705700000, 0x0000000705800000|  0%| F|  |TAMS 0x0000000705700000, 0x0000000705700000| Untracked 
|  74|0x0000000705800000, 0x0000000705800000, 0x0000000705900000|  0%| F|  |TAMS 0x0000000705800000, 0x0000000705800000| Untracked 
|  75|0x0000000705900000, 0x0000000705900000, 0x0000000705a00000|  0%| F|  |TAMS 0x0000000705900000, 0x0000000705900000| Untracked 
|  76|0x0000000705a00000, 0x0000000705a00000, 0x0000000705b00000|  0%| F|  |TAMS 0x0000000705a00000, 0x0000000705a00000| Untracked 
|  77|0x0000000705b00000, 0x0000000705b00000, 0x0000000705c00000|  0%| F|  |TAMS 0x0000000705b00000, 0x0000000705b00000| Untracked 
|  78|0x0000000705c00000, 0x0000000705c00000, 0x0000000705d00000|  0%| F|  |TAMS 0x0000000705c00000, 0x0000000705c00000| Untracked 
|  79|0x0000000705d00000, 0x0000000705d00000, 0x0000000705e00000|  0%| F|  |TAMS 0x0000000705d00000, 0x0000000705d00000| Untracked 
|  80|0x0000000705e00000, 0x0000000705e00000, 0x0000000705f00000|  0%| F|  |TAMS 0x0000000705e00000, 0x0000000705e00000| Untracked 
|  81|0x0000000705f00000, 0x0000000705f00000, 0x0000000706000000|  0%| F|  |TAMS 0x0000000705f00000, 0x0000000705f00000| Untracked 
|  82|0x0000000706000000, 0x0000000706000000, 0x0000000706100000|  0%| F|  |TAMS 0x0000000706000000, 0x0000000706000000| Untracked 
|  83|0x0000000706100000, 0x0000000706100000, 0x0000000706200000|  0%| F|  |TAMS 0x0000000706100000, 0x0000000706100000| Untracked 
|  84|0x0000000706200000, 0x0000000706200000, 0x0000000706300000|  0%| F|  |TAMS 0x0000000706200000, 0x0000000706200000| Untracked 
|  85|0x0000000706300000, 0x0000000706300000, 0x0000000706400000|  0%| F|  |TAMS 0x0000000706300000, 0x0000000706300000| Untracked 
|  86|0x0000000706400000, 0x0000000706400000, 0x0000000706500000|  0%| F|  |TAMS 0x0000000706400000, 0x0000000706400000| Untracked 
|  87|0x0000000706500000, 0x0000000706500000, 0x0000000706600000|  0%| F|  |TAMS 0x0000000706500000, 0x0000000706500000| Untracked 
|  88|0x0000000706600000, 0x0000000706600000, 0x0000000706700000|  0%| F|  |TAMS 0x0000000706600000, 0x0000000706600000| Untracked 
|  89|0x0000000706700000, 0x0000000706700000, 0x0000000706800000|  0%| F|  |TAMS 0x0000000706700000, 0x0000000706700000| Untracked 
|  90|0x0000000706800000, 0x0000000706800000, 0x0000000706900000|  0%| F|  |TAMS 0x0000000706800000, 0x0000000706800000| Untracked 
|  91|0x0000000706900000, 0x0000000706900000, 0x0000000706a00000|  0%| F|  |TAMS 0x0000000706900000, 0x0000000706900000| Untracked 
|  92|0x0000000706a00000, 0x0000000706a00000, 0x0000000706b00000|  0%| F|  |TAMS 0x0000000706a00000, 0x0000000706a00000| Untracked 
|  93|0x0000000706b00000, 0x0000000706b00000, 0x0000000706c00000|  0%| F|  |TAMS 0x0000000706b00000, 0x0000000706b00000| Untracked 
|  94|0x0000000706c00000, 0x0000000706c00000, 0x0000000706d00000|  0%| F|  |TAMS 0x0000000706c00000, 0x0000000706c00000| Untracked 
|  95|0x0000000706d00000, 0x0000000706d00000, 0x0000000706e00000|  0%| F|  |TAMS 0x0000000706d00000, 0x0000000706d00000| Untracked 
|  96|0x0000000706e00000, 0x0000000706e00000, 0x0000000706f00000|  0%| F|  |TAMS 0x0000000706e00000, 0x0000000706e00000| Untracked 
|  97|0x0000000706f00000, 0x0000000706f00000, 0x0000000707000000|  0%| F|  |TAMS 0x0000000706f00000, 0x0000000706f00000| Untracked 
|  98|0x0000000707000000, 0x0000000707000000, 0x0000000707100000|  0%| F|  |TAMS 0x0000000707000000, 0x0000000707000000| Untracked 
|  99|0x0000000707100000, 0x0000000707100000, 0x0000000707200000|  0%| F|  |TAMS 0x0000000707100000, 0x0000000707100000| Untracked 
| 100|0x0000000707200000, 0x0000000707200000, 0x0000000707300000|  0%| F|  |TAMS 0x0000000707200000, 0x0000000707200000| Untracked 
| 101|0x0000000707300000, 0x0000000707300000, 0x0000000707400000|  0%| F|  |TAMS 0x0000000707300000, 0x0000000707300000| Untracked 
| 102|0x0000000707400000, 0x0000000707400000, 0x0000000707500000|  0%| F|  |TAMS 0x0000000707400000, 0x0000000707400000| Untracked 
| 103|0x0000000707500000, 0x0000000707500000, 0x0000000707600000|  0%| F|  |TAMS 0x0000000707500000, 0x0000000707500000| Untracked 
| 104|0x0000000707600000, 0x0000000707600000, 0x0000000707700000|  0%| F|  |TAMS 0x0000000707600000, 0x0000000707600000| Untracked 
| 105|0x0000000707700000, 0x0000000707700000, 0x0000000707800000|  0%| F|  |TAMS 0x0000000707700000, 0x0000000707700000| Untracked 
| 106|0x0000000707800000, 0x0000000707800000, 0x0000000707900000|  0%| F|  |TAMS 0x0000000707800000, 0x0000000707800000| Untracked 
| 107|0x0000000707900000, 0x0000000707900000, 0x0000000707a00000|  0%| F|  |TAMS 0x0000000707900000, 0x0000000707900000| Untracked 
| 108|0x0000000707a00000, 0x0000000707a00000, 0x0000000707b00000|  0%| F|  |TAMS 0x0000000707a00000, 0x0000000707a00000| Untracked 
| 109|0x0000000707b00000, 0x0000000707b00000, 0x0000000707c00000|  0%| F|  |TAMS 0x0000000707b00000, 0x0000000707b00000| Untracked 
| 110|0x0000000707c00000, 0x0000000707c00000, 0x0000000707d00000|  0%| F|  |TAMS 0x0000000707c00000, 0x0000000707c00000| Untracked 
| 111|0x0000000707d00000, 0x0000000707d00000, 0x0000000707e00000|  0%| F|  |TAMS 0x0000000707d00000, 0x0000000707d00000| Untracked 
| 112|0x0000000707e00000, 0x0000000707e00000, 0x0000000707f00000|  0%| F|  |TAMS 0x0000000707e00000, 0x0000000707e00000| Untracked 
| 113|0x0000000707f00000, 0x0000000707f00000, 0x0000000708000000|  0%| F|  |TAMS 0x0000000707f00000, 0x0000000707f00000| Untracked 
| 114|0x0000000708000000, 0x0000000708000000, 0x0000000708100000|  0%| F|  |TAMS 0x0000000708000000, 0x0000000708000000| Untracked 
| 115|0x0000000708100000, 0x0000000708100000, 0x0000000708200000|  0%| F|  |TAMS 0x0000000708100000, 0x0000000708100000| Untracked 
| 116|0x0000000708200000, 0x0000000708200000, 0x0000000708300000|  0%| F|  |TAMS 0x0000000708200000, 0x0000000708200000| Untracked 
| 117|0x0000000708300000, 0x0000000708300000, 0x0000000708400000|  0%| F|  |TAMS 0x0000000708300000, 0x0000000708300000| Untracked 
| 118|0x0000000708400000, 0x0000000708400000, 0x0000000708500000|  0%| F|  |TAMS 0x0000000708400000, 0x0000000708400000| Untracked 
| 119|0x0000000708500000, 0x0000000708500000, 0x0000000708600000|  0%| F|  |TAMS 0x0000000708500000, 0x0000000708500000| Untracked 
| 120|0x0000000708600000, 0x0000000708600000, 0x0000000708700000|  0%| F|  |TAMS 0x0000000708600000, 0x0000000708600000| Untracked 
| 121|0x0000000708700000, 0x0000000708700000, 0x0000000708800000|  0%| F|  |TAMS 0x0000000708700000, 0x0000000708700000| Untracked 
| 122|0x0000000708800000, 0x0000000708800000, 0x0000000708900000|  0%| F|  |TAMS 0x0000000708800000, 0x0000000708800000| Untracked 
| 123|0x0000000708900000, 0x0000000708900000, 0x0000000708a00000|  0%| F|  |TAMS 0x0000000708900000, 0x0000000708900000| Untracked 
| 124|0x0000000708a00000, 0x0000000708a00000, 0x0000000708b00000|  0%| F|  |TAMS 0x0000000708a00000, 0x0000000708a00000| Untracked 
| 125|0x0000000708b00000, 0x0000000708b00000, 0x0000000708c00000|  0%| F|  |TAMS 0x0000000708b00000, 0x0000000708b00000| Untracked 
| 126|0x0000000708c00000, 0x0000000708c00000, 0x0000000708d00000|  0%| F|  |TAMS 0x0000000708c00000, 0x0000000708c00000| Untracked 
| 127|0x0000000708d00000, 0x0000000708d00000, 0x0000000708e00000|  0%| F|  |TAMS 0x0000000708d00000, 0x0000000708d00000| Untracked 
| 128|0x0000000708e00000, 0x0000000708e00000, 0x0000000708f00000|  0%| F|  |TAMS 0x0000000708e00000, 0x0000000708e00000| Untracked 
| 129|0x0000000708f00000, 0x0000000708f00000, 0x0000000709000000|  0%| F|  |TAMS 0x0000000708f00000, 0x0000000708f00000| Untracked 
| 130|0x0000000709000000, 0x0000000709000000, 0x0000000709100000|  0%| F|  |TAMS 0x0000000709000000, 0x0000000709000000| Untracked 
| 131|0x0000000709100000, 0x0000000709100000, 0x0000000709200000|  0%| F|  |TAMS 0x0000000709100000, 0x0000000709100000| Untracked 
| 132|0x0000000709200000, 0x0000000709200000, 0x0000000709300000|  0%| F|  |TAMS 0x0000000709200000, 0x0000000709200000| Untracked 
| 133|0x0000000709300000, 0x0000000709300000, 0x0000000709400000|  0%| F|  |TAMS 0x0000000709300000, 0x0000000709300000| Untracked 
| 134|0x0000000709400000, 0x0000000709400000, 0x0000000709500000|  0%| F|  |TAMS 0x0000000709400000, 0x0000000709400000| Untracked 
| 135|0x0000000709500000, 0x0000000709500000, 0x0000000709600000|  0%| F|  |TAMS 0x0000000709500000, 0x0000000709500000| Untracked 
| 136|0x0000000709600000, 0x0000000709600000, 0x0000000709700000|  0%| F|  |TAMS 0x0000000709600000, 0x0000000709600000| Untracked 
| 137|0x0000000709700000, 0x0000000709700000, 0x0000000709800000|  0%| F|  |TAMS 0x0000000709700000, 0x0000000709700000| Untracked 
| 138|0x0000000709800000, 0x0000000709800000, 0x0000000709900000|  0%| F|  |TAMS 0x0000000709800000, 0x0000000709800000| Untracked 
| 139|0x0000000709900000, 0x0000000709900000, 0x0000000709a00000|  0%| F|  |TAMS 0x0000000709900000, 0x0000000709900000| Untracked 
| 140|0x0000000709a00000, 0x0000000709a00000, 0x0000000709b00000|  0%| F|  |TAMS 0x0000000709a00000, 0x0000000709a00000| Untracked 
| 141|0x0000000709b00000, 0x0000000709b00000, 0x0000000709c00000|  0%| F|  |TAMS 0x0000000709b00000, 0x0000000709b00000| Untracked 
| 142|0x0000000709c00000, 0x0000000709c00000, 0x0000000709d00000|  0%| F|  |TAMS 0x0000000709c00000, 0x0000000709c00000| Untracked 
| 143|0x0000000709d00000, 0x0000000709d00000, 0x0000000709e00000|  0%| F|  |TAMS 0x0000000709d00000, 0x0000000709d00000| Untracked 
| 144|0x0000000709e00000, 0x0000000709e00000, 0x0000000709f00000|  0%| F|  |TAMS 0x0000000709e00000, 0x0000000709e00000| Untracked 
| 145|0x0000000709f00000, 0x0000000709f00000, 0x000000070a000000|  0%| F|  |TAMS 0x0000000709f00000, 0x0000000709f00000| Untracked 
| 146|0x000000070a000000, 0x000000070a000000, 0x000000070a100000|  0%| F|  |TAMS 0x000000070a000000, 0x000000070a000000| Untracked 
| 147|0x000000070a100000, 0x000000070a100000, 0x000000070a200000|  0%| F|  |TAMS 0x000000070a100000, 0x000000070a100000| Untracked 
| 148|0x000000070a200000, 0x000000070a200000, 0x000000070a300000|  0%| F|  |TAMS 0x000000070a200000, 0x000000070a200000| Untracked 
| 149|0x000000070a300000, 0x000000070a300000, 0x000000070a400000|  0%| F|  |TAMS 0x000000070a300000, 0x000000070a300000| Untracked 
| 150|0x000000070a400000, 0x000000070a400000, 0x000000070a500000|  0%| F|  |TAMS 0x000000070a400000, 0x000000070a400000| Untracked 
| 151|0x000000070a500000, 0x000000070a500000, 0x000000070a600000|  0%| F|  |TAMS 0x000000070a500000, 0x000000070a500000| Untracked 
| 152|0x000000070a600000, 0x000000070a600000, 0x000000070a700000|  0%| F|  |TAMS 0x000000070a600000, 0x000000070a600000| Untracked 
| 153|0x000000070a700000, 0x000000070a700000, 0x000000070a800000|  0%| F|  |TAMS 0x000000070a700000, 0x000000070a700000| Untracked 
| 154|0x000000070a800000, 0x000000070a800000, 0x000000070a900000|  0%| F|  |TAMS 0x000000070a800000, 0x000000070a800000| Untracked 
| 155|0x000000070a900000, 0x000000070a900000, 0x000000070aa00000|  0%| F|  |TAMS 0x000000070a900000, 0x000000070a900000| Untracked 
| 156|0x000000070aa00000, 0x000000070aa00000, 0x000000070ab00000|  0%| F|  |TAMS 0x000000070aa00000, 0x000000070aa00000| Untracked 
| 157|0x000000070ab00000, 0x000000070ab00000, 0x000000070ac00000|  0%| F|  |TAMS 0x000000070ab00000, 0x000000070ab00000| Untracked 
| 158|0x000000070ac00000, 0x000000070ac00000, 0x000000070ad00000|  0%| F|  |TAMS 0x000000070ac00000, 0x000000070ac00000| Untracked 
| 159|0x000000070ad00000, 0x000000070ad00000, 0x000000070ae00000|  0%| F|  |TAMS 0x000000070ad00000, 0x000000070ad00000| Untracked 
| 160|0x000000070ae00000, 0x000000070ae00000, 0x000000070af00000|  0%| F|  |TAMS 0x000000070ae00000, 0x000000070ae00000| Untracked 
| 161|0x000000070af00000, 0x000000070af00000, 0x000000070b000000|  0%| F|  |TAMS 0x000000070af00000, 0x000000070af00000| Untracked 
| 162|0x000000070b000000, 0x000000070b000000, 0x000000070b100000|  0%| F|  |TAMS 0x000000070b000000, 0x000000070b000000| Untracked 
| 163|0x000000070b100000, 0x000000070b100000, 0x000000070b200000|  0%| F|  |TAMS 0x000000070b100000, 0x000000070b100000| Untracked 
| 164|0x000000070b200000, 0x000000070b200000, 0x000000070b300000|  0%| F|  |TAMS 0x000000070b200000, 0x000000070b200000| Untracked 
| 165|0x000000070b300000, 0x000000070b300000, 0x000000070b400000|  0%| F|  |TAMS 0x000000070b300000, 0x000000070b300000| Untracked 
| 166|0x000000070b400000, 0x000000070b400000, 0x000000070b500000|  0%| F|  |TAMS 0x000000070b400000, 0x000000070b400000| Untracked 
| 167|0x000000070b500000, 0x000000070b500000, 0x000000070b600000|  0%| F|  |TAMS 0x000000070b500000, 0x000000070b500000| Untracked 
| 168|0x000000070b600000, 0x000000070b600000, 0x000000070b700000|  0%| F|  |TAMS 0x000000070b600000, 0x000000070b600000| Untracked 
| 169|0x000000070b700000, 0x000000070b700000, 0x000000070b800000|  0%| F|  |TAMS 0x000000070b700000, 0x000000070b700000| Untracked 
| 170|0x000000070b800000, 0x000000070b800000, 0x000000070b900000|  0%| F|  |TAMS 0x000000070b800000, 0x000000070b800000| Untracked 
| 171|0x000000070b900000, 0x000000070b900000, 0x000000070ba00000|  0%| F|  |TAMS 0x000000070b900000, 0x000000070b900000| Untracked 
| 172|0x000000070ba00000, 0x000000070ba00000, 0x000000070bb00000|  0%| F|  |TAMS 0x000000070ba00000, 0x000000070ba00000| Untracked 
| 173|0x000000070bb00000, 0x000000070bb00000, 0x000000070bc00000|  0%| F|  |TAMS 0x000000070bb00000, 0x000000070bb00000| Untracked 
| 174|0x000000070bc00000, 0x000000070bc00000, 0x000000070bd00000|  0%| F|  |TAMS 0x000000070bc00000, 0x000000070bc00000| Untracked 
| 175|0x000000070bd00000, 0x000000070bd00000, 0x000000070be00000|  0%| F|  |TAMS 0x000000070bd00000, 0x000000070bd00000| Untracked 
| 176|0x000000070be00000, 0x000000070be00000, 0x000000070bf00000|  0%| F|  |TAMS 0x000000070be00000, 0x000000070be00000| Untracked 
| 177|0x000000070bf00000, 0x000000070bf00000, 0x000000070c000000|  0%| F|  |TAMS 0x000000070bf00000, 0x000000070bf00000| Untracked 
| 178|0x000000070c000000, 0x000000070c000000, 0x000000070c100000|  0%| F|  |TAMS 0x000000070c000000, 0x000000070c000000| Untracked 
| 179|0x000000070c100000, 0x000000070c100000, 0x000000070c200000|  0%| F|  |TAMS 0x000000070c100000, 0x000000070c100000| Untracked 
| 180|0x000000070c200000, 0x000000070c200000, 0x000000070c300000|  0%| F|  |TAMS 0x000000070c200000, 0x000000070c200000| Untracked 
| 181|0x000000070c300000, 0x000000070c300000, 0x000000070c400000|  0%| F|  |TAMS 0x000000070c300000, 0x000000070c300000| Untracked 
| 182|0x000000070c400000, 0x000000070c400000, 0x000000070c500000|  0%| F|  |TAMS 0x000000070c400000, 0x000000070c400000| Untracked 
| 183|0x000000070c500000, 0x000000070c500000, 0x000000070c600000|  0%| F|  |TAMS 0x000000070c500000, 0x000000070c500000| Untracked 
| 184|0x000000070c600000, 0x000000070c600000, 0x000000070c700000|  0%| F|  |TAMS 0x000000070c600000, 0x000000070c600000| Untracked 
| 185|0x000000070c700000, 0x000000070c700000, 0x000000070c800000|  0%| F|  |TAMS 0x000000070c700000, 0x000000070c700000| Untracked 
| 186|0x000000070c800000, 0x000000070c800000, 0x000000070c900000|  0%| F|  |TAMS 0x000000070c800000, 0x000000070c800000| Untracked 
| 187|0x000000070c900000, 0x000000070c900000, 0x000000070ca00000|  0%| F|  |TAMS 0x000000070c900000, 0x000000070c900000| Untracked 
| 188|0x000000070ca00000, 0x000000070ca00000, 0x000000070cb00000|  0%| F|  |TAMS 0x000000070ca00000, 0x000000070ca00000| Untracked 
| 189|0x000000070cb00000, 0x000000070cb00000, 0x000000070cc00000|  0%| F|  |TAMS 0x000000070cb00000, 0x000000070cb00000| Untracked 
| 190|0x000000070cc00000, 0x000000070cc00000, 0x000000070cd00000|  0%| F|  |TAMS 0x000000070cc00000, 0x000000070cc00000| Untracked 
| 191|0x000000070cd00000, 0x000000070cd00000, 0x000000070ce00000|  0%| F|  |TAMS 0x000000070cd00000, 0x000000070cd00000| Untracked 
| 192|0x000000070ce00000, 0x000000070ce00000, 0x000000070cf00000|  0%| F|  |TAMS 0x000000070ce00000, 0x000000070ce00000| Untracked 
| 193|0x000000070cf00000, 0x000000070cf00000, 0x000000070d000000|  0%| F|  |TAMS 0x000000070cf00000, 0x000000070cf00000| Untracked 
| 194|0x000000070d000000, 0x000000070d000000, 0x000000070d100000|  0%| F|  |TAMS 0x000000070d000000, 0x000000070d000000| Untracked 
| 195|0x000000070d100000, 0x000000070d100000, 0x000000070d200000|  0%| F|  |TAMS 0x000000070d100000, 0x000000070d100000| Untracked 
| 196|0x000000070d200000, 0x000000070d200000, 0x000000070d300000|  0%| F|  |TAMS 0x000000070d200000, 0x000000070d200000| Untracked 
| 197|0x000000070d300000, 0x000000070d300000, 0x000000070d400000|  0%| F|  |TAMS 0x000000070d300000, 0x000000070d300000| Untracked 
| 198|0x000000070d400000, 0x000000070d400000, 0x000000070d500000|  0%| F|  |TAMS 0x000000070d400000, 0x000000070d400000| Untracked 
| 199|0x000000070d500000, 0x000000070d500000, 0x000000070d600000|  0%| F|  |TAMS 0x000000070d500000, 0x000000070d500000| Untracked 
| 200|0x000000070d600000, 0x000000070d600000, 0x000000070d700000|  0%| F|  |TAMS 0x000000070d600000, 0x000000070d600000| Untracked 
| 201|0x000000070d700000, 0x000000070d700000, 0x000000070d800000|  0%| F|  |TAMS 0x000000070d700000, 0x000000070d700000| Untracked 
| 202|0x000000070d800000, 0x000000070d800000, 0x000000070d900000|  0%| F|  |TAMS 0x000000070d800000, 0x000000070d800000| Untracked 
| 203|0x000000070d900000, 0x000000070d900000, 0x000000070da00000|  0%| F|  |TAMS 0x000000070d900000, 0x000000070d900000| Untracked 
| 204|0x000000070da00000, 0x000000070da80800, 0x000000070db00000| 50%| E|  |TAMS 0x000000070da00000, 0x000000070da00000| Complete 
| 205|0x000000070db00000, 0x000000070dc00000, 0x000000070dc00000|100%| E|CS|TAMS 0x000000070db00000, 0x000000070db00000| Complete 
| 206|0x000000070dc00000, 0x000000070dd00000, 0x000000070dd00000|100%| E|CS|TAMS 0x000000070dc00000, 0x000000070dc00000| Complete 
| 207|0x000000070dd00000, 0x000000070de00000, 0x000000070de00000|100%| E|CS|TAMS 0x000000070dd00000, 0x000000070dd00000| Complete 
| 208|0x000000070de00000, 0x000000070df00000, 0x000000070df00000|100%| E|CS|TAMS 0x000000070de00000, 0x000000070de00000| Complete 
| 209|0x000000070df00000, 0x000000070e000000, 0x000000070e000000|100%| E|CS|TAMS 0x000000070df00000, 0x000000070df00000| Complete 
| 210|0x000000070e000000, 0x000000070e100000, 0x000000070e100000|100%| E|CS|TAMS 0x000000070e000000, 0x000000070e000000| Complete 
| 211|0x000000070e100000, 0x000000070e200000, 0x000000070e200000|100%| E|CS|TAMS 0x000000070e100000, 0x000000070e100000| Complete 
| 212|0x000000070e200000, 0x000000070e300000, 0x000000070e300000|100%| E|CS|TAMS 0x000000070e200000, 0x000000070e200000| Complete 
| 213|0x000000070e300000, 0x000000070e400000, 0x000000070e400000|100%| E|CS|TAMS 0x000000070e300000, 0x000000070e300000| Complete 
| 214|0x000000070e400000, 0x000000070e500000, 0x000000070e500000|100%| E|CS|TAMS 0x000000070e400000, 0x000000070e400000| Complete 
| 215|0x000000070e500000, 0x000000070e600000, 0x000000070e600000|100%| E|CS|TAMS 0x000000070e500000, 0x000000070e500000| Complete 
| 216|0x000000070e600000, 0x000000070e700000, 0x000000070e700000|100%| E|CS|TAMS 0x000000070e600000, 0x000000070e600000| Complete 
| 217|0x000000070e700000, 0x000000070e800000, 0x000000070e800000|100%| E|CS|TAMS 0x000000070e700000, 0x000000070e700000| Complete 
| 218|0x000000070e800000, 0x000000070e900000, 0x000000070e900000|100%| E|CS|TAMS 0x000000070e800000, 0x000000070e800000| Complete 
| 219|0x000000070e900000, 0x000000070ea00000, 0x000000070ea00000|100%| E|CS|TAMS 0x000000070e900000, 0x000000070e900000| Complete 
| 220|0x000000070ea00000, 0x000000070eb00000, 0x000000070eb00000|100%| E|CS|TAMS 0x000000070ea00000, 0x000000070ea00000| Complete 
| 221|0x000000070eb00000, 0x000000070ec00000, 0x000000070ec00000|100%| E|CS|TAMS 0x000000070eb00000, 0x000000070eb00000| Complete 
| 222|0x000000070ec00000, 0x000000070ed00000, 0x000000070ed00000|100%| E|CS|TAMS 0x000000070ec00000, 0x000000070ec00000| Complete 
| 223|0x000000070ed00000, 0x000000070ee00000, 0x000000070ee00000|100%| E|CS|TAMS 0x000000070ed00000, 0x000000070ed00000| Complete 
| 224|0x000000070ee00000, 0x000000070ef00000, 0x000000070ef00000|100%| E|CS|TAMS 0x000000070ee00000, 0x000000070ee00000| Complete 
| 225|0x000000070ef00000, 0x000000070f000000, 0x000000070f000000|100%| E|CS|TAMS 0x000000070ef00000, 0x000000070ef00000| Complete 
| 226|0x000000070f000000, 0x000000070f100000, 0x000000070f100000|100%| E|CS|TAMS 0x000000070f000000, 0x000000070f000000| Complete 
| 227|0x000000070f100000, 0x000000070f200000, 0x000000070f200000|100%| E|CS|TAMS 0x000000070f100000, 0x000000070f100000| Complete 
| 228|0x000000070f200000, 0x000000070f300000, 0x000000070f300000|100%| E|CS|TAMS 0x000000070f200000, 0x000000070f200000| Complete 
| 229|0x000000070f300000, 0x000000070f400000, 0x000000070f400000|100%| S|CS|TAMS 0x000000070f300000, 0x000000070f300000| Complete 
| 230|0x000000070f400000, 0x000000070f500000, 0x000000070f500000|100%| S|CS|TAMS 0x000000070f400000, 0x000000070f400000| Complete 
| 231|0x000000070f500000, 0x000000070f600000, 0x000000070f600000|100%| S|CS|TAMS 0x000000070f500000, 0x000000070f500000| Complete 
| 232|0x000000070f600000, 0x000000070f700000, 0x000000070f700000|100%| E|CS|TAMS 0x000000070f600000, 0x000000070f600000| Complete 
| 233|0x000000070f700000, 0x000000070f800000, 0x000000070f800000|100%| E|CS|TAMS 0x000000070f700000, 0x000000070f700000| Complete 
| 234|0x000000070f800000, 0x000000070f900000, 0x000000070f900000|100%| E|CS|TAMS 0x000000070f800000, 0x000000070f800000| Complete 
| 235|0x000000070f900000, 0x000000070fa00000, 0x000000070fa00000|100%| E|CS|TAMS 0x000000070f900000, 0x000000070f900000| Complete 
| 236|0x000000070fa00000, 0x000000070fb00000, 0x000000070fb00000|100%| E|CS|TAMS 0x000000070fa00000, 0x000000070fa00000| Complete 
| 237|0x000000070fb00000, 0x000000070fc00000, 0x000000070fc00000|100%| E|CS|TAMS 0x000000070fb00000, 0x000000070fb00000| Complete 
| 238|0x000000070fc00000, 0x000000070fd00000, 0x000000070fd00000|100%| E|CS|TAMS 0x000000070fc00000, 0x000000070fc00000| Complete 
| 239|0x000000070fd00000, 0x000000070fe00000, 0x000000070fe00000|100%| E|CS|TAMS 0x000000070fd00000, 0x000000070fd00000| Complete 
| 240|0x000000070fe00000, 0x000000070ff00000, 0x000000070ff00000|100%| E|CS|TAMS 0x000000070fe00000, 0x000000070fe00000| Complete 
| 241|0x000000070ff00000, 0x0000000710000000, 0x0000000710000000|100%| E|CS|TAMS 0x000000070ff00000, 0x000000070ff00000| Complete 
| 242|0x0000000710000000, 0x0000000710100000, 0x0000000710100000|100%| E|CS|TAMS 0x0000000710000000, 0x0000000710000000| Complete 
| 243|0x0000000710100000, 0x0000000710200000, 0x0000000710200000|100%| E|CS|TAMS 0x0000000710100000, 0x0000000710100000| Complete 
| 244|0x0000000710200000, 0x0000000710300000, 0x0000000710300000|100%| E|CS|TAMS 0x0000000710200000, 0x0000000710200000| Complete 
| 245|0x0000000710300000, 0x0000000710400000, 0x0000000710400000|100%| E|CS|TAMS 0x0000000710300000, 0x0000000710300000| Complete 
| 246|0x0000000710400000, 0x0000000710500000, 0x0000000710500000|100%| E|CS|TAMS 0x0000000710400000, 0x0000000710400000| Complete 
| 247|0x0000000710500000, 0x0000000710600000, 0x0000000710600000|100%| E|CS|TAMS 0x0000000710500000, 0x0000000710500000| Complete 
| 248|0x0000000710600000, 0x0000000710700000, 0x0000000710700000|100%| E|CS|TAMS 0x0000000710600000, 0x0000000710600000| Complete 
| 249|0x0000000710700000, 0x0000000710800000, 0x0000000710800000|100%| E|CS|TAMS 0x0000000710700000, 0x0000000710700000| Complete 
| 250|0x0000000710800000, 0x0000000710900000, 0x0000000710900000|100%| E|CS|TAMS 0x0000000710800000, 0x0000000710800000| Complete 
| 251|0x0000000710900000, 0x0000000710a00000, 0x0000000710a00000|100%| E|CS|TAMS 0x0000000710900000, 0x0000000710900000| Complete 
| 252|0x0000000710a00000, 0x0000000710b00000, 0x0000000710b00000|100%| E|CS|TAMS 0x0000000710a00000, 0x0000000710a00000| Complete 
| 253|0x0000000710b00000, 0x0000000710c00000, 0x0000000710c00000|100%| E|CS|TAMS 0x0000000710b00000, 0x0000000710b00000| Complete 
| 254|0x0000000710c00000, 0x0000000710d00000, 0x0000000710d00000|100%| E|CS|TAMS 0x0000000710c00000, 0x0000000710c00000| Complete 
| 255|0x0000000710d00000, 0x0000000710e00000, 0x0000000710e00000|100%| E|CS|TAMS 0x0000000710d00000, 0x0000000710d00000| Complete 

Card table byte_map: [0x0000023cd47d0000,0x0000023cd4fd0000] _byte_map_base: 0x0000023cd0fc9000

Marking Bits (Prev, Next): (CMBitMap*) 0x0000023cbc6f9aa8, (CMBitMap*) 0x0000023cbc6f9ae8
 Prev Bits: [0x0000023cd57d0000, 0x0000023cd9798000)
 Next Bits: [0x0000023cd97a0000, 0x0000023cdd768000)

Polling page: 0x0000023cba5a0000

Metaspace:

Usage:
  Non-class:     10.31 MB capacity,    10.18 MB ( 99%) used,   109.09 KB (  1%) free+waste,    23.94 KB ( <1%) overhead. 
      Class:      1.35 MB capacity,     1.23 MB ( 91%) used,   111.18 KB (  8%) free+waste,    13.88 KB (  1%) overhead. 
       Both:     11.66 MB capacity,    11.41 MB ( 98%) used,   220.27 KB (  2%) free+waste,    37.81 KB ( <1%) overhead. 

Virtual space:
  Non-class space:       12.00 MB reserved,      10.50 MB ( 88%) committed 
      Class space:        1.00 GB reserved,       1.38 MB ( <1%) committed 
             Both:        1.01 GB reserved,      11.88 MB (  1%) committed 

Chunk freelists:
   Non-Class:  4.00 KB
       Class:  0 bytes
        Both:  4.00 KB

MaxMetaspaceSize: 17179869184.00 GB
CompressedClassSpaceSize: 1.00 GB

CodeHeap 'non-profiled nmethods': size=120000Kb used=947Kb max_used=947Kb free=119052Kb
 bounds [0x0000023ccc660000, 0x0000023ccc8d0000, 0x0000023cd3b90000]
CodeHeap 'profiled nmethods': size=120000Kb used=4979Kb max_used=4979Kb free=115020Kb
 bounds [0x0000023cc5130000, 0x0000023cc5610000, 0x0000023ccc660000]
CodeHeap 'non-nmethods': size=5760Kb used=1333Kb max_used=1376Kb free=4426Kb
 bounds [0x0000023cc4b90000, 0x0000023cc4e00000, 0x0000023cc5130000]
 total_blobs=3598 nmethods=2170 adapters=532
 compilation: enabled
              stopped_count=0, restarted_count=0
 full_count=0

Compilation events (20 events):
Event: 535.985 Thread 0x0000023ce0b8d800 nmethod 2162 0x0000023ccc74a890 code [0x0000023ccc74aa20, 0x0000023ccc74aad8]
Event: 536.690 Thread 0x0000023ce0b8d800 2163       4       java.util.ArrayList::toArray (57 bytes)
Event: 536.692 Thread 0x0000023ce0b8d800 nmethod 2163 0x0000023ccc74ab90 code [0x0000023ccc74ad20, 0x0000023ccc74b0d8]
Event: 537.800 Thread 0x0000023ce0b8d800 2164       4       sun.java2d.d3d.D3DSurfaceData$D3DWindowSurfaceData::isDirty (18 bytes)
Event: 537.800 Thread 0x0000023ce0b8d800 nmethod 2164 0x0000023ccc74b290 code [0x0000023ccc74b420, 0x0000023ccc74b4f8]
Event: 2346.157 Thread 0x0000023ce0b93000 2165   !   3       java.lang.ref.ReferenceQueue::remove (125 bytes)
Event: 2346.157 Thread 0x0000023ce0b93000 nmethod 2165 0x0000023cc5600090 code [0x0000023cc56002c0, 0x0000023cc5600bc0]
Event: 3039.704 Thread 0x0000023ce0b93000 2166 % !   3       sun.java2d.d3d.D3DScreenUpdateManager::run @ 105 (267 bytes)
Event: 3039.711 Thread 0x0000023ce0b93000 nmethod 2166% 0x0000023cc5600f10 code [0x0000023cc5601320, 0x0000023cc5603c20]
Event: 3091.297 Thread 0x0000023ce0b93000 2167 % !   3       sun.java2d.d3d.D3DScreenUpdateManager::run @ 0 (267 bytes)
Event: 3091.299 Thread 0x0000023ce0b93000 nmethod 2167% 0x0000023cc5604b90 code [0x0000023cc5604fa0, 0x0000023cc5607820]
Event: 3142.856 Thread 0x0000023ce0b93000 2168   !   3       sun.java2d.d3d.D3DScreenUpdateManager::run (267 bytes)
Event: 3142.858 Thread 0x0000023ce0b93000 nmethod 2168 0x0000023cc5608710 code [0x0000023cc5608b20, 0x0000023cc560b320]
Event: 3486.169 Thread 0x0000023ce0b93000 2169   !   3       jdk.internal.ref.PhantomCleanable::isListEmpty (34 bytes)
Event: 3486.169 Thread 0x0000023ce0b93000 nmethod 2169 0x0000023cc560c190 code [0x0000023cc560c340, 0x0000023cc560c6f8]
Event: 3486.169 Thread 0x0000023ce0b93000 2170       3       jdk.internal.misc.InnocuousThread::eraseThreadLocals (23 bytes)
Event: 3486.169 Thread 0x0000023ce0b93000 nmethod 2170 0x0000023cc560c810 code [0x0000023cc560c9c0, 0x0000023cc560cc38]
Event: 5104.132 Thread 0x0000023ce0b8d800 2171 % !   4       sun.java2d.d3d.D3DScreenUpdateManager::run @ 0 (267 bytes)
Event: 5104.144 Thread 0x0000023ce0b8d800 nmethod 2171% 0x0000023ccc74b610 code [0x0000023ccc74b800, 0x0000023ccc74c6d8]
Event: 5155.770 Thread 0x0000023ce0b8d800 2172 % !   4       sun.java2d.d3d.D3DScreenUpdateManager::run @ 105 (267 bytes)

GC Heap History (2 events):
Event: 6.131 GC heap before
{Heap before GC invocations=0 (full 0):
 garbage-first heap   total 262144K, used 32768K [0x0000000700e00000, 0x0000000800000000)
  region size 1024K, 24 young (24576K), 0 survivors (0K)
 Metaspace       used 11526K, capacity 11749K, committed 11904K, reserved 1060864K
  class space    used 1258K, capacity 1385K, committed 1408K, reserved 1048576K
}
Event: 6.135 GC heap after
{Heap after GC invocations=1 (full 0):
 garbage-first heap   total 262144K, used 11665K [0x0000000700e00000, 0x0000000800000000)
  region size 1024K, 3 young (3072K), 3 survivors (3072K)
 Metaspace       used 11526K, capacity 11749K, committed 11904K, reserved 1060864K
  class space    used 1258K, capacity 1385K, committed 1408K, reserved 1048576K
}

Deoptimization events (20 events):
Event: 6.435 Thread 0x0000023ce9712000 DEOPT PACKING pc=0x0000023ccc6fcbb0 sp=0x0000003f7b8fc9f0
Event: 6.435 Thread 0x0000023ce9712000 DEOPT UNPACKING pc=0x0000023cc4bd912f sp=0x0000003f7b8fc998 mode 2
Event: 369.180 Thread 0x0000023ce9703800 Uncommon trap: trap_request=0xffffffcc fr.pc=0x0000023ccc749688 relative=0x00000000000002c8
Event: 369.181 Thread 0x0000023ce9703800 Uncommon trap: reason=intrinsic_or_type_checked_inlining action=make_not_entrant pc=0x0000023ccc749688 method=java.util.Arrays.copyOf([Ljava/lang/Object;ILjava/lang/Class;)[Ljava/lang/Object; @ 35 c2
Event: 369.181 Thread 0x0000023ce9703800 DEOPT PACKING pc=0x0000023ccc749688 sp=0x0000003f7b9ff040
Event: 369.181 Thread 0x0000023ce9703800 DEOPT UNPACKING pc=0x0000023cc4bd912f sp=0x0000003f7b9fefd0 mode 2
Event: 523.796 Thread 0x0000023ce9703800 Uncommon trap: trap_request=0xffffffdc fr.pc=0x0000023ccc74a5cc relative=0x00000000000001ac
Event: 523.796 Thread 0x0000023ce9703800 Uncommon trap: reason=class_check action=make_not_entrant pc=0x0000023ccc74a5cc method=java.util.ArrayList.toArray([Ljava/lang/Object;)[Ljava/lang/Object; @ 21 c2
Event: 523.796 Thread 0x0000023ce9703800 DEOPT PACKING pc=0x0000023ccc74a5cc sp=0x0000003f7b9ff0a0
Event: 523.796 Thread 0x0000023ce9703800 DEOPT UNPACKING pc=0x0000023cc4bd912f sp=0x0000003f7b9ff060 mode 2
Event: 3452.409 Thread 0x0000023ce9703800 DEOPT PACKING pc=0x0000023cc560758d sp=0x0000003f7b9ff080
Event: 3452.409 Thread 0x0000023ce9703800 DEOPT UNPACKING pc=0x0000023cc4bd964e sp=0x0000003f7b9fe5f0 mode 0
Event: 3865.231 Thread 0x0000023ce9703800 DEOPT PACKING pc=0x0000023cc5603921 sp=0x0000003f7b9ff070
Event: 3865.231 Thread 0x0000023ce9703800 DEOPT UNPACKING pc=0x0000023cc4bd964e sp=0x0000003f7b9fe5f0 mode 0
Event: 4278.178 Thread 0x0000023ce9703800 DEOPT PACKING pc=0x0000023cc560758d sp=0x0000003f7b9ff080
Event: 4278.178 Thread 0x0000023ce9703800 DEOPT UNPACKING pc=0x0000023cc4bd964e sp=0x0000003f7b9fe5f0 mode 0
Event: 4691.227 Thread 0x0000023ce9703800 DEOPT PACKING pc=0x0000023cc5603921 sp=0x0000003f7b9ff070
Event: 4691.228 Thread 0x0000023ce9703800 DEOPT UNPACKING pc=0x0000023cc4bd964e sp=0x0000003f7b9fe5f0 mode 0
Event: 5104.132 Thread 0x0000023ce9703800 DEOPT PACKING pc=0x0000023cc560758d sp=0x0000003f7b9ff080
Event: 5104.132 Thread 0x0000023ce9703800 DEOPT UNPACKING pc=0x0000023cc4bd964e sp=0x0000003f7b9fe5f0 mode 0

Classes unloaded (0 events):
No events

Classes redefined (0 events):
No events

Internal exceptions (12 events):
Event: 0.076 Thread 0x0000023cbc68b800 Exception <a 'java/lang/ClassNotFoundException'{0x0000000710c589f8}: sun/awt/resources/spi/awtProvider> (0x0000000710c589f8) 
thrown [t:/workspace/open/src/hotspot/share/classfile/systemDictionary.cpp, line 232]
Event: 0.096 Thread 0x0000023cbc68b800 Exception <a 'java/io/FileNotFoundException'{0x0000000710cadd98}> (0x0000000710cadd98) 
thrown [t:/workspace/open/src/hotspot/share/prims/jni.cpp, line 598]
Event: 0.101 Thread 0x0000023cbc68b800 Exception <a 'java/io/FileNotFoundException'{0x0000000710cd4420}> (0x0000000710cd4420) 
thrown [t:/workspace/open/src/hotspot/share/prims/jni.cpp, line 598]
Event: 0.191 Thread 0x0000023ce109a800 Exception <a 'java/lang/NoSuchMethodError'{0x0000000710b804a8}: 'void java.lang.invoke.DirectMethodHandle$Holder.invokeSpecial(java.lang.Object, java.lang.Object)'> (0x0000000710b804a8) 
thrown [t:/workspace/open/src/hotspot/share/interpreter/linkResolver.cpp, line 767]
Event: 0.353 Thread 0x0000023cbc68b800 Exception <a 'java/lang/NoSuchMethodError'{0x0000000710a127d0}: 'java.lang.Object java.lang.invoke.DirectMethodHandle$Holder.invokeStatic(java.lang.Object, int, java.lang.Object, java.lang.Object, java.lang.Object, java.lang.Object)'> (0x0000000710a127d0) 
thrown [t:/workspace/open/src/hotspot/share/interpreter/linkResolver.cpp, line 767]
Event: 0.354 Thread 0x0000023cbc68b800 Exception <a 'java/lang/NoSuchMethodError'{0x0000000710a19130}: 'java.lang.Object java.lang.invoke.DirectMethodHandle$Holder.invokeStatic(java.lang.Object, int, java.lang.Object, java.lang.Object, java.lang.Object)'> (0x0000000710a19130) 
thrown [t:/workspace/open/src/hotspot/share/interpreter/linkResolver.cpp, line 767]
Event: 0.354 Thread 0x0000023cbc68b800 Exception <a 'java/lang/NoSuchMethodError'{0x0000000710a1c998}: 'java.lang.Object java.lang.invoke.DirectMethodHandle$Holder.invokeSpecial(java.lang.Object, java.lang.Object, int, java.lang.Object, java.lang.Object, java.lang.Object)'> (0x0000000710a1c998) 
thrown [t:/workspace/open/src/hotspot/share/interpreter/linkResolver.cpp, line 767]
Event: 0.356 Thread 0x0000023cbc68b800 Exception <a 'java/lang/NoSuchMethodError'{0x0000000710a32d48}: 'java.lang.Object java.lang.invoke.DirectMethodHandle$Holder.invokeStatic(java.lang.Object, int, java.lang.Object)'> (0x0000000710a32d48) 
thrown [t:/workspace/open/src/hotspot/share/interpreter/linkResolver.cpp, line 767]
Event: 0.372 Thread 0x0000023cbc68b800 Exception <a 'java/lang/ClassNotFoundException'{0x0000000710ad5fe0}: com/sun/swing/internal/plaf/metal/resources/spi/metalProvider> (0x0000000710ad5fe0) 
thrown [t:/workspace/open/src/hotspot/share/classfile/systemDictionary.cpp, line 232]
Event: 0.372 Thread 0x0000023cbc68b800 Exception <a 'java/lang/ClassNotFoundException'{0x0000000710ada0b8}: com/sun/swing/internal/plaf/basic/resources/spi/basicProvider> (0x0000000710ada0b8) 
thrown [t:/workspace/open/src/hotspot/share/classfile/systemDictionary.cpp, line 232]
Event: 0.459 Thread 0x0000023cbc68b800 Exception <a 'java/lang/NoSuchMethodError'{0x00000007108a64b0}: 'void java.lang.invoke.DirectMethodHandle$Holder.invokeStaticInit(java.lang.Object)'> (0x00000007108a64b0) 
thrown [t:/workspace/open/src/hotspot/share/interpreter/linkResolver.cpp, line 767]
Event: 0.481 Thread 0x0000023cbc68b800 Exception <a 'java/lang/NoSuchMethodError'{0x00000007107066c0}: 'java.lang.Object java.lang.invoke.Invokers$Holder.linkToTargetMethod(java.lang.Object, int, java.lang.Object)'> (0x00000007107066c0) 
thrown [t:/workspace/open/src/hotspot/share/interpreter/linkResolver.cpp, line 767]

Events (20 events):
Event: 6.136 Executing VM operation: BulkRevokeBias
Event: 6.136 Executing VM operation: BulkRevokeBias done
Event: 6.136 Executing VM operation: RevokeBias
Event: 6.136 Executing VM operation: RevokeBias done
Event: 6.136 Executing VM operation: RevokeBias
Event: 6.136 Executing VM operation: RevokeBias done
Event: 6.168 Executing VM operation: RevokeBias
Event: 6.168 Executing VM operation: RevokeBias done
Event: 6.176 Executing VM operation: RevokeBias
Event: 6.176 Executing VM operation: RevokeBias done
Event: 6.176 Executing VM operation: BulkRevokeBias
Event: 6.176 Executing VM operation: BulkRevokeBias done
Event: 6.434 loading class javax/swing/border/BevelBorder
Event: 6.434 loading class javax/swing/border/BevelBorder done
Event: 6.450 Executing VM operation: RevokeBias
Event: 6.450 Executing VM operation: RevokeBias done
Event: 6.749 Thread 0x0000023ce9a82800 Thread exited: 0x0000023ce9a82800
Event: 7.489 Thread 0x0000023ce9a36000 Thread exited: 0x0000023ce9a36000
Event: 16.905 loading class java/security/DomainCombiner
Event: 16.905 loading class java/security/DomainCombiner done


Dynamic libraries:
0x00007ff61ce00000 - 0x00007ff61ce0f000 	C:\Program Files\Java\jdk-13.0.2\bin\javaw.exe
0x00007ff9e7b00000 - 0x00007ff9e7cf0000 	C:\WINDOWS\SYSTEM32\ntdll.dll
0x00007ff9e6fb0000 - 0x00007ff9e7062000 	C:\WINDOWS\System32\KERNEL32.DLL
0x00007ff9e4dc0000 - 0x00007ff9e5064000 	C:\WINDOWS\System32\KERNELBASE.dll
0x00007ff9e4be0000 - 0x00007ff9e4cda000 	C:\WINDOWS\System32\ucrtbase.dll
0x00007ff9de560000 - 0x00007ff9de575000 	C:\Program Files\Java\jdk-13.0.2\bin\VCRUNTIME140.dll
0x00007ff9de540000 - 0x00007ff9de558000 	C:\Program Files\Java\jdk-13.0.2\bin\jli.dll
0x00007ff9e6f00000 - 0x00007ff9e6fa3000 	C:\WINDOWS\System32\ADVAPI32.dll
0x00007ff9e6bf0000 - 0x00007ff9e6c8e000 	C:\WINDOWS\System32\msvcrt.dll
0x00007ff9e6e60000 - 0x00007ff9e6ef7000 	C:\WINDOWS\System32\sechost.dll
0x00007ff9e7140000 - 0x00007ff9e7260000 	C:\WINDOWS\System32\RPCRT4.dll
0x00007ff9e68f0000 - 0x00007ff9e6a84000 	C:\WINDOWS\System32\USER32.dll
0x00007ff9e4a60000 - 0x00007ff9e4a81000 	C:\WINDOWS\System32\win32u.dll
0x00007ff9da350000 - 0x00007ff9da5d4000 	C:\WINDOWS\WinSxS\amd64_microsoft.windows.common-controls_6595b64144ccf1df_6.0.18362.900_none_e6beb9d913147d17\COMCTL32.dll
0x00007ff9e72b0000 - 0x00007ff9e72d6000 	C:\WINDOWS\System32\GDI32.dll
0x00007ff9e6420000 - 0x00007ff9e6755000 	C:\WINDOWS\System32\combase.dll
0x00007ff9e58f0000 - 0x00007ff9e5a85000 	C:\WINDOWS\System32\gdi32full.dll
0x00007ff9e4d40000 - 0x00007ff9e4dc0000 	C:\WINDOWS\System32\bcryptPrimitives.dll
0x00007ff9e5ac0000 - 0x00007ff9e5b5e000 	C:\WINDOWS\System32\msvcp_win.dll
0x00007ff9e03c0000 - 0x00007ff9e03ca000 	C:\WINDOWS\SYSTEM32\VERSION.dll
0x00007ff9e7280000 - 0x00007ff9e72ae000 	C:\WINDOWS\System32\IMM32.DLL
0x00007ff9bddb0000 - 0x00007ff9bde4b000 	C:\Program Files\Java\jdk-13.0.2\bin\msvcp140.dll
0x00007ff9b3890000 - 0x00007ff9b43ed000 	C:\Program Files\Java\jdk-13.0.2\bin\server\jvm.dll
0x00007ff9e6de0000 - 0x00007ff9e6de8000 	C:\WINDOWS\System32\PSAPI.DLL
0x00007ff9e2e00000 - 0x00007ff9e2e09000 	C:\WINDOWS\SYSTEM32\WSOCK32.dll
0x00007ff9e2cc0000 - 0x00007ff9e2ce4000 	C:\WINDOWS\SYSTEM32\WINMM.dll
0x00007ff9e6df0000 - 0x00007ff9e6e5f000 	C:\WINDOWS\System32\WS2_32.dll
0x00007ff9e2310000 - 0x00007ff9e233d000 	C:\WINDOWS\SYSTEM32\winmmbase.dll
0x00007ff9e57f0000 - 0x00007ff9e583a000 	C:\WINDOWS\System32\cfgmgr32.dll
0x00007ff9e49a0000 - 0x00007ff9e49b1000 	C:\WINDOWS\System32\kernel.appcore.dll
0x00007ff9e2e40000 - 0x00007ff9e2e50000 	C:\Program Files\Java\jdk-13.0.2\bin\verify.dll
0x00007ff9d2010000 - 0x00007ff9d2204000 	C:\WINDOWS\SYSTEM32\DBGHELP.DLL
0x00007ff9d1a20000 - 0x00007ff9d1a4a000 	C:\WINDOWS\SYSTEM32\dbgcore.DLL
0x00007ff9de490000 - 0x00007ff9de4b6000 	C:\Program Files\Java\jdk-13.0.2\bin\java.dll
0x00007ff9de7a0000 - 0x00007ff9de7b7000 	C:\Program Files\Java\jdk-13.0.2\bin\zip.dll
0x00007ff9de7e0000 - 0x00007ff9de7ea000 	C:\Program Files\Java\jdk-13.0.2\bin\jimage.dll
0x00007ff9e5b80000 - 0x00007ff9e6266000 	C:\WINDOWS\System32\SHELL32.dll
0x00007ff9e6840000 - 0x00007ff9e68e9000 	C:\WINDOWS\System32\shcore.dll
0x00007ff9e5070000 - 0x00007ff9e57f0000 	C:\WINDOWS\System32\windows.storage.dll
0x00007ff9e4a30000 - 0x00007ff9e4a53000 	C:\WINDOWS\System32\profapi.dll
0x00007ff9e49e0000 - 0x00007ff9e4a2a000 	C:\WINDOWS\System32\powrprof.dll
0x00007ff9e4990000 - 0x00007ff9e49a0000 	C:\WINDOWS\System32\UMPDC.dll
0x00007ff9e70e0000 - 0x00007ff9e7132000 	C:\WINDOWS\System32\shlwapi.dll
0x00007ff9e5b60000 - 0x00007ff9e5b77000 	C:\WINDOWS\System32\cryptsp.dll
0x00007ff9bdc10000 - 0x00007ff9bdda9000 	C:\Program Files\Java\jdk-13.0.2\bin\awt.dll
0x00007ff9e6760000 - 0x00007ff9e6825000 	C:\WINDOWS\System32\OLEAUT32.dll
0x00007ff9e2ef0000 - 0x00007ff9e2f7f000 	C:\WINDOWS\SYSTEM32\apphelp.dll
0x00007ff9e3280000 - 0x00007ff9e32ad000 	C:\WINDOWS\system32\DWMAPI.DLL
0x00007ff9e3080000 - 0x00007ff9e3119000 	C:\WINDOWS\system32\uxtheme.dll
0x00007ff9a50f0000 - 0x00007ff9a5246000 	C:\WINDOWS\system32\opengl32.dll
0x00007ff9ceb90000 - 0x00007ff9cebbc000 	C:\WINDOWS\SYSTEM32\GLU32.dll
0x00007ff9e3740000 - 0x00007ff9e3760000 	C:\WINDOWS\SYSTEM32\dxcore.dll
0x00007ff9e7470000 - 0x00007ff9e75a5000 	C:\WINDOWS\System32\MSCTF.dll
0x0000000180000000 - 0x0000000180256000 	C:\Program Files (x86)\RivaTuner Statistics Server\RTSSHooks64.dll
0x00007ff9e6a90000 - 0x00007ff9e6be7000 	C:\WINDOWS\System32\ole32.dll
0x00007ff9de870000 - 0x00007ff9dea37000 	C:\WINDOWS\system32\d3d9.dll
0x00007ff9da050000 - 0x00007ff9da13e000 	C:\WINDOWS\System32\DriverStore\FileRepository\nv_dispi.inf_amd64_db678424d2641c3d\nvldumdx.dll
0x00007ff9e4a90000 - 0x00007ff9e4bd9000 	C:\WINDOWS\System32\crypt32.dll
0x00007ff9e49c0000 - 0x00007ff9e49d2000 	C:\WINDOWS\System32\MSASN1.dll
0x00007ff9e4ce0000 - 0x00007ff9e4d3c000 	C:\WINDOWS\System32\WINTRUST.DLL
0x00007ff9e7260000 - 0x00007ff9e727d000 	C:\WINDOWS\System32\imagehlp.dll
0x00007ff9e3d10000 - 0x00007ff9e3d43000 	C:\WINDOWS\system32\rsaenh.dll
0x00007ff9e5a90000 - 0x00007ff9e5ab6000 	C:\WINDOWS\System32\bcrypt.dll
0x00007ff9e43d0000 - 0x00007ff9e43dc000 	C:\WINDOWS\SYSTEM32\CRYPTBASE.dll
0x00007ff9a1c70000 - 0x00007ff9a310b000 	C:\WINDOWS\System32\DriverStore\FileRepository\nv_dispi.inf_amd64_db678424d2641c3d\nvd3dumx.dll
0x00007ff9e34f0000 - 0x00007ff9e3512000 	C:\WINDOWS\SYSTEM32\gpapi.dll
0x00007ff9d0fd0000 - 0x00007ff9d0fff000 	C:\WINDOWS\SYSTEM32\cryptnet.dll
0x00007ff9cc980000 - 0x00007ff9cca02000 	C:\Program Files\Java\jdk-13.0.2\bin\freetype.dll
0x00007ff9a5d20000 - 0x00007ff9a5dc6000 	C:\Program Files\Java\jdk-13.0.2\bin\fontmanager.dll
0x00007ff9dd180000 - 0x00007ff9dd21e000 	C:\WINDOWS\System32\TextInputFramework.dll
0x00007ff9e0460000 - 0x00007ff9e078a000 	C:\WINDOWS\System32\CoreUIComponents.dll
0x00007ff9e27a0000 - 0x00007ff9e2874000 	C:\WINDOWS\System32\CoreMessaging.dll
0x00007ff9e39f0000 - 0x00007ff9e3a21000 	C:\WINDOWS\SYSTEM32\ntmarta.dll
0x00007ff9e0260000 - 0x00007ff9e03b3000 	C:\WINDOWS\SYSTEM32\wintypes.dll
0x00007ff9ce520000 - 0x00007ff9ce539000 	C:\Program Files\Java\jdk-13.0.2\bin\net.dll
0x00007ff9da9f0000 - 0x00007ff9daae0000 	C:\WINDOWS\SYSTEM32\WINHTTP.dll
0x00007ff9e41a0000 - 0x00007ff9e4207000 	C:\WINDOWS\system32\mswsock.dll
0x00007ff9cd0e0000 - 0x00007ff9cd0f3000 	C:\Program Files\Java\jdk-13.0.2\bin\nio.dll
0x00007ff9db990000 - 0x00007ff9dbc36000 	C:\WINDOWS\System32\iertutil.dll
0x00007ff9e72e0000 - 0x00007ff9e7382000 	C:\WINDOWS\System32\clbcatq.dll
0x00007ff9df140000 - 0x00007ff9df2ef000 	C:\WINDOWS\SYSTEM32\WindowsCodecs.dll
0x00007ff9cb5a0000 - 0x00007ff9cb5da000 	C:\WINDOWS\system32\dataexchange.dll
0x00007ff9e2130000 - 0x00007ff9e230c000 	C:\WINDOWS\system32\dcomp.dll
0x00007ff9e1eb0000 - 0x00007ff9e210b000 	C:\WINDOWS\system32\d3d11.dll
0x00007ff9e3760000 - 0x00007ff9e384b000 	C:\WINDOWS\system32\dxgi.dll
0x00007ff9e1c40000 - 0x00007ff9e1ea1000 	C:\WINDOWS\system32\twinapi.appcore.dll
0x00007ff9e3140000 - 0x00007ff9e3169000 	C:\WINDOWS\system32\RMCLIENT.dll

dbghelp: loaded successfully - version: 4.0.5 - missing functions: none
symbol engine: initialized successfully - sym options: 0x614 - pdb path: .;C:\Program Files\Java\jdk-13.0.2\bin;C:\WINDOWS\SYSTEM32;C:\WINDOWS\WinSxS\amd64_microsoft.windows.common-controls_6595b64144ccf1df_6.0.18362.900_none_e6beb9d913147d17;C:\Program Files\Java\jdk-13.0.2\bin\server;C:\Program Files (x86)\RivaTuner Statistics Server;C:\WINDOWS\System32\DriverStore\FileRepository\nv_dispi.inf_amd64_db678424d2641c3d

VM Arguments:
jvm_args: -Dfile.encoding=Cp1252 
java_command: Program
java_class_path (initial): C:\Users\Gabriel Luiz\Desktop\2020.1\INF1636\INF1636WAR\WarJogo-inf1636-20201\bin
Launcher Type: SUN_STANDARD

[Global flags]
     intx CICompilerCount                          = 4                                         {product} {ergonomic}
     uint ConcGCThreads                            = 2                                         {product} {ergonomic}
     uint G1ConcRefinementThreads                  = 8                                         {product} {ergonomic}
   size_t G1HeapRegionSize                         = 1048576                                   {product} {ergonomic}
    uintx GCDrainStackTargetSize                   = 64                                        {product} {ergonomic}
   size_t InitialHeapSize                          = 268435456                                 {product} {ergonomic}
   size_t MarkStackSize                            = 4194304                                   {product} {ergonomic}
   size_t MaxHeapSize                              = 4280287232                                {product} {ergonomic}
   size_t MaxNewSize                               = 2567962624                                {product} {ergonomic}
   size_t MinHeapDeltaBytes                        = 1048576                                   {product} {ergonomic}
   size_t MinHeapSize                              = 8388608                                   {product} {ergonomic}
    uintx NonNMethodCodeHeapSize                   = 5839372                                {pd product} {ergonomic}
    uintx NonProfiledCodeHeapSize                  = 122909434                              {pd product} {ergonomic}
    uintx ProfiledCodeHeapSize                     = 122909434                              {pd product} {ergonomic}
    uintx ReservedCodeCacheSize                    = 251658240                              {pd product} {ergonomic}
     bool SegmentedCodeCache                       = true                                      {product} {ergonomic}
   size_t SoftMaxHeapSize                          = 4280287232                             {manageable} {ergonomic}
     bool UseCompressedClassPointers               = true                                 {lp64_product} {ergonomic}
     bool UseCompressedOops                        = true                                 {lp64_product} {ergonomic}
     bool UseG1GC                                  = true                                      {product} {ergonomic}
     bool UseLargePagesIndividualAllocation        = false                                  {pd product} {ergonomic}

Logging:
Log output configuration:
 #0: stdout all=warning uptime,level,tags
 #1: stderr all=off uptime,level,tags

Environment Variables:
PATH=C:/Program Files/Java/jdk-13.0.2/bin/server;C:/Program Files/Java/jdk-13.0.2/bin;C:\Program Files (x86)\Common Files\Oracle\Java\javapath;C:\Program Files (x86)\Razer Chroma SDK\bin;C:\Program Files\Razer Chroma SDK\bin;C:\WINDOWS\system32;C:\WINDOWS;C:\WINDOWS\System32\Wbem;C:\WINDOWS\System32\WindowsPowerShell\v1.0\;C:\WINDOWS\System32\OpenSSH\;C:\Users\Gabriel Luiz\AppData\Local\Microsoft\WindowsApps;C:\Program Files\Microsoft VS Code\bin;c:\Program Files (x86)\Microsoft SQL Server\100\Tools\Binn\;c:\Program Files\Microsoft SQL Server\100\Tools\Binn\;c:\Program Files\Microsoft SQL Server\100\DTS\Binn\;C:\Users\Gabriel Luiz\AppData\Local\Programs\Python\Python37;C:\Program Files\Git\cmd;C:\MinGW\bin;C:\Program Files\dotnet\;C:\WINDOWS\system32;C:\WINDOWS;C:\WINDOWS\System32\Wbem;C:\WINDOWS\System32\WindowsPowerShell\v1.0\;C:\WINDOWS\System32\OpenSSH\;C:\Program Files\nodejs\;C:\ProgramData\chocolatey\bin;C:\Program Files (x86)\NVIDIA Corporation\PhysX\Common;C:\Program Files\Pandoc\;C:\Program Files\MiKTeX 2.9\miktex\bin\x64\;C:\Users\Gabriel Luiz\AppData\Local\Programs\Python\Python38-32\Scripts\;C:\Users\Gabriel Luiz\AppData\Local\Programs\Python\Python38-32\;C:\Users\Gabriel Luiz\AppData\Local\Microsoft\WindowsApps;C:\Users\Gabriel Luiz\AppData\Roaming\npm;C:\WINDOWS\system32;
USERNAME=Gabriel Luiz
OS=Windows_NT
PROCESSOR_IDENTIFIER=Intel64 Family 6 Model 60 Stepping 3, GenuineIntel



---------------  S Y S T E M  ---------------

OS: Windows 10 , 64 bit Build 18362 (10.0.18362.900)

CPU:total 8 (initial active 8) (4 cores per cpu, 2 threads per core) family 6 model 60 stepping 3, cmov, cx8, fxsr, mmx, sse, sse2, sse3, ssse3, sse4.1, sse4.2, popcnt, avx, avx2, aes, clmul, erms, lzcnt, ht, tsc, tscinvbit, bmi1, bmi2, fma

Memory: 4k page, system-wide physical 16326M (4439M free)
TotalPageFile size 65478M (AvailPageFile size 0M)
current process WorkingSet (physical memory assigned to process): 44M, peak: 182M
current process commit charge ("private bytes"): 430M, peak: 452M

vm_info: Java HotSpot(TM) 64-Bit Server VM (13.0.2+8) for windows-amd64 JRE (13.0.2+8), built on Dec 11 2019 09:20:33 by "mach5one" with unknown MS VC++:1916

END.
