#
# There is insufficient memory for the Java Runtime Environment to continue.
# Native memory allocation (mmap) failed to map 268435456 bytes for Failed to commit area from 0x0000000700e00000 to 0x0000000710e00000 of length 268435456.
# Possible reasons:
#   The system is out of physical RAM or swap space
#   The process is running with CompressedOops enabled, and the Java Heap may be blocking the growth of the native heap
# Possible solutions:
#   Reduce memory load on the system
#   Increase physical memory or swap space
#   Check if swap backing store is full
#   Decrease Java heap size (-Xmx/-Xms)
#   Decrease number of Java threads
#   Decrease Java thread stack sizes (-Xss)
#   Set larger code cache with -XX:ReservedCodeCacheSize=
# This output file may be truncated or incomplete.
#
#  Out of Memory Error (t:/workspace/open/src/hotspot/os/windows/os_windows.cpp:3301), pid=26828, tid=35780
#
# JRE version:  (13.0.2+8) (build )
# Java VM: Java HotSpot(TM) 64-Bit Server VM (13.0.2+8, mixed mode, aot, sharing, tiered, compressed oops, g1 gc, windows-amd64)
# No core dump will be written. Minidumps are not enabled by default on client versions of Windows
#

---------------  S U M M A R Y ------------

Command Line: -Dfile.encoding=Cp1252 Program

Host: Intel(R) Core(TM) i7-4790 CPU @ 3.60GHz, 8 cores, 15G,  Windows 10 , 64 bit Build 18362 (10.0.18362.900)
Time: Sun Jun 14 18:07:12 2020 E. South America Standard Time elapsed time: 0 seconds (0d 0h 0m 0s)

---------------  T H R E A D  ---------------

Current thread (0x0000016e6ebfe000):  JavaThread "Unknown thread" [_thread_in_vm, id=35780, stack(0x00000043b5100000,0x00000043b5200000)]

Stack: [0x00000043b5100000,0x00000043b5200000]
Native frames: (J=compiled Java code, j=interpreted, Vv=VM code, C=native code)
V  [jvm.dll+0x624f9a]
V  [jvm.dll+0x770cfa]
V  [jvm.dll+0x7724af]
V  [jvm.dll+0x772ab3]
V  [jvm.dll+0x24bf08]
V  [jvm.dll+0x6222aa]
V  [jvm.dll+0x6170b5]
V  [jvm.dll+0x30a88c]
V  [jvm.dll+0x30a6c2]
V  [jvm.dll+0x30fe36]
V  [jvm.dll+0x353f46]
V  [jvm.dll+0x353720]
V  [jvm.dll+0x2e550a]
V  [jvm.dll+0x2e67a2]
V  [jvm.dll+0x74dd78]
V  [jvm.dll+0x361989]
V  [jvm.dll+0x730e65]
V  [jvm.dll+0x3cc53f]
V  [jvm.dll+0x3ce861]
C  [jli.dll+0x51ff]
C  [ucrtbase.dll+0x20e82]
C  [KERNEL32.DLL+0x17bd4]
C  [ntdll.dll+0x6ce51]


---------------  P R O C E S S  ---------------

Threads class SMR info:
_java_thread_list=0x00007ff9b434ccb8, length=0, elements={
}

Java Threads: ( => current thread )

Other Threads:
  0x0000016e70d6b800 GCTaskThread "GC Thread#0" [stack: 0x00000043b5200000,0x00000043b5300000] [id=36108]
  0x0000016e70d8f800 ConcurrentGCThread "G1 Main Marker" [stack: 0x00000043b5300000,0x00000043b5400000] [id=36724]
  0x0000016e70d91000 ConcurrentGCThread "G1 Conc#0" [stack: 0x00000043b5400000,0x00000043b5500000] [id=36784]

[error occurred during error reporting (printing all threads), id 0xc0000005, EXCEPTION_ACCESS_VIOLATION (0xc0000005) at pc=0x00007ff9b3b851d7]

VM state:not at safepoint (not fully initialized)

VM Mutex/Monitor currently owned by a thread:  ([mutex/lock_event])
[0x0000016e6ebfa270] Heap_lock - owner thread: 0x0000016e6ebfe000

Heap address: 0x0000000700e00000, size: 4082 MB, Compressed Oops mode: Non-zero based: 0x0000000700e00000
Narrow klass base: 0x0000000000000000, Narrow klass shift: 0

GC Heap History (0 events):
No events

Deoptimization events (0 events):
No events

Classes unloaded (0 events):
No events

Classes redefined (0 events):
No events

Internal exceptions (0 events):
No events

Events (8 events):
Event: 0.006 Loaded shared library C:\Program Files\Java\jdk-13.0.2\bin\zip.dll
Event: 0.006 Loaded shared library C:\Program Files\Java\jdk-13.0.2\bin\jimage.dll
Event: 0.007 Loading shared library C:\Program Files\Java\jdk-13.0.2\lib\libjava.base-coop.dll failed, error code 126
Event: 0.007 Loading shared library C:\Program Files\Java\jdk-13.0.2\lib\libjava.logging-coop.dll failed, error code 126
Event: 0.007 Loading shared library C:\Program Files\Java\jdk-13.0.2\lib\libjdk.compiler-coop.dll failed, error code 126
Event: 0.007 Loading shared library C:\Program Files\Java\jdk-13.0.2\lib\libjdk.scripting.nashorn-coop.dll failed, error code 126
Event: 0.007 Loading shared library C:\Program Files\Java\jdk-13.0.2\lib\libjdk.internal.vm.ci-coop.dll failed, error code 126
Event: 0.007 Loading shared library C:\Program Files\Java\jdk-13.0.2\lib\libjdk.internal.vm.compiler-coop.dll failed, error code 126


Dynamic libraries:
0x00007ff61ce00000 - 0x00007ff61ce0f000 	C:\Program Files\Java\jdk-13.0.2\bin\javaw.exe
0x00007ff9e7b00000 - 0x00007ff9e7cf0000 	C:\WINDOWS\SYSTEM32\ntdll.dll
0x00007ff9e6fb0000 - 0x00007ff9e7062000 	C:\WINDOWS\System32\KERNEL32.DLL
0x00007ff9e4dc0000 - 0x00007ff9e5064000 	C:\WINDOWS\System32\KERNELBASE.dll
0x00007ff9e4be0000 - 0x00007ff9e4cda000 	C:\WINDOWS\System32\ucrtbase.dll
0x00007ff9de540000 - 0x00007ff9de558000 	C:\Program Files\Java\jdk-13.0.2\bin\jli.dll
0x00007ff9de560000 - 0x00007ff9de575000 	C:\Program Files\Java\jdk-13.0.2\bin\VCRUNTIME140.dll
0x00007ff9e6f00000 - 0x00007ff9e6fa3000 	C:\WINDOWS\System32\ADVAPI32.dll
0x00007ff9e6bf0000 - 0x00007ff9e6c8e000 	C:\WINDOWS\System32\msvcrt.dll
0x00007ff9e6e60000 - 0x00007ff9e6ef7000 	C:\WINDOWS\System32\sechost.dll
0x00007ff9e7140000 - 0x00007ff9e7260000 	C:\WINDOWS\System32\RPCRT4.dll
0x00007ff9e68f0000 - 0x00007ff9e6a84000 	C:\WINDOWS\System32\USER32.dll
0x00007ff9e4a60000 - 0x00007ff9e4a81000 	C:\WINDOWS\System32\win32u.dll
0x00007ff9da350000 - 0x00007ff9da5d4000 	C:\WINDOWS\WinSxS\amd64_microsoft.windows.common-controls_6595b64144ccf1df_6.0.18362.900_none_e6beb9d913147d17\COMCTL32.dll
0x00007ff9e72b0000 - 0x00007ff9e72d6000 	C:\WINDOWS\System32\GDI32.dll
0x00007ff9e6420000 - 0x00007ff9e6755000 	C:\WINDOWS\System32\combase.dll
0x00007ff9e58f0000 - 0x00007ff9e5a85000 	C:\WINDOWS\System32\gdi32full.dll
0x00007ff9e4d40000 - 0x00007ff9e4dc0000 	C:\WINDOWS\System32\bcryptPrimitives.dll
0x00007ff9e5ac0000 - 0x00007ff9e5b5e000 	C:\WINDOWS\System32\msvcp_win.dll
0x00007ff9e03c0000 - 0x00007ff9e03ca000 	C:\WINDOWS\SYSTEM32\VERSION.dll
0x00007ff9e7280000 - 0x00007ff9e72ae000 	C:\WINDOWS\System32\IMM32.DLL
0x00007ff9bddb0000 - 0x00007ff9bde4b000 	C:\Program Files\Java\jdk-13.0.2\bin\msvcp140.dll
0x00007ff9b3890000 - 0x00007ff9b43ed000 	C:\Program Files\Java\jdk-13.0.2\bin\server\jvm.dll
0x00007ff9e6de0000 - 0x00007ff9e6de8000 	C:\WINDOWS\System32\PSAPI.DLL
0x00007ff9e2cc0000 - 0x00007ff9e2ce4000 	C:\WINDOWS\SYSTEM32\WINMM.dll
0x00007ff9e2e00000 - 0x00007ff9e2e09000 	C:\WINDOWS\SYSTEM32\WSOCK32.dll
0x00007ff9e6df0000 - 0x00007ff9e6e5f000 	C:\WINDOWS\System32\WS2_32.dll
0x00007ff9e2310000 - 0x00007ff9e233d000 	C:\WINDOWS\SYSTEM32\WINMMBASE.dll
0x00007ff9e57f0000 - 0x00007ff9e583a000 	C:\WINDOWS\System32\cfgmgr32.dll
0x00007ff9e49a0000 - 0x00007ff9e49b1000 	C:\WINDOWS\System32\kernel.appcore.dll
0x00007ff9e2e40000 - 0x00007ff9e2e50000 	C:\Program Files\Java\jdk-13.0.2\bin\verify.dll
0x00007ff9d2010000 - 0x00007ff9d2204000 	C:\WINDOWS\SYSTEM32\DBGHELP.DLL
0x00007ff9d1a20000 - 0x00007ff9d1a4a000 	C:\WINDOWS\SYSTEM32\dbgcore.DLL
0x00007ff9de490000 - 0x00007ff9de4b6000 	C:\Program Files\Java\jdk-13.0.2\bin\java.dll
0x00007ff9de7a0000 - 0x00007ff9de7b7000 	C:\Program Files\Java\jdk-13.0.2\bin\zip.dll
0x00007ff9de7e0000 - 0x00007ff9de7ea000 	C:\Program Files\Java\jdk-13.0.2\bin\jimage.dll

dbghelp: loaded successfully - version: 4.0.5 - missing functions: none
symbol engine: initialized successfully - sym options: 0x614 - pdb path: .;C:\Program Files\Java\jdk-13.0.2\bin;C:\WINDOWS\SYSTEM32;C:\WINDOWS\WinSxS\amd64_microsoft.windows.common-controls_6595b64144ccf1df_6.0.18362.900_none_e6beb9d913147d17;C:\Program Files\Java\jdk-13.0.2\bin\server

VM Arguments:
jvm_args: -Dfile.encoding=Cp1252 
java_command: Program
java_class_path (initial): C:\Users\Gabriel Luiz\Desktop\2020.1\INF1636\INF1636WAR\WarJogo-inf1636-20201\bin
Launcher Type: SUN_STANDARD

[Global flags]
     intx CICompilerCount                          = 4                                         {product} {ergonomic}
     uint ConcGCThreads                            = 2                                         {product} {ergonomic}
     uint G1ConcRefinementThreads                  = 8                                         {product} {ergonomic}
   size_t G1HeapRegionSize                         = 1048576                                   {product} {ergonomic}
    uintx GCDrainStackTargetSize                   = 64                                        {product} {ergonomic}
   size_t InitialHeapSize                          = 268435456                                 {product} {ergonomic}
   size_t MarkStackSize                            = 4194304                                   {product} {ergonomic}
   size_t MaxHeapSize                              = 4280287232                                {product} {ergonomic}
   size_t MinHeapDeltaBytes                        = 1048576                                   {product} {ergonomic}
   size_t MinHeapSize                              = 8388608                                   {product} {ergonomic}
    uintx NonNMethodCodeHeapSize                   = 5839372                                {pd product} {ergonomic}
    uintx NonProfiledCodeHeapSize                  = 122909434                              {pd product} {ergonomic}
    uintx ProfiledCodeHeapSize                     = 122909434                              {pd product} {ergonomic}
    uintx ReservedCodeCacheSize                    = 251658240                              {pd product} {ergonomic}
     bool SegmentedCodeCache                       = true                                      {product} {ergonomic}
   size_t SoftMaxHeapSize                          = 4280287232                             {manageable} {ergonomic}
     bool UseCompressedClassPointers               = true                                 {lp64_product} {ergonomic}
     bool UseCompressedOops                        = true                                 {lp64_product} {ergonomic}
     bool UseG1GC                                  = true                                      {product} {ergonomic}
     bool UseLargePagesIndividualAllocation        = false                                  {pd product} {ergonomic}

Logging:
Log output configuration:
 #0: stdout all=warning uptime,level,tags
 #1: stderr all=off uptime,level,tags

Environment Variables:
PATH=C:/Program Files/Java/jdk-13.0.2/bin/server;C:/Program Files/Java/jdk-13.0.2/bin;C:\Program Files (x86)\Common Files\Oracle\Java\javapath;C:\Program Files (x86)\Razer Chroma SDK\bin;C:\Program Files\Razer Chroma SDK\bin;C:\WINDOWS\system32;C:\WINDOWS;C:\WINDOWS\System32\Wbem;C:\WINDOWS\System32\WindowsPowerShell\v1.0\;C:\WINDOWS\System32\OpenSSH\;C:\Users\Gabriel Luiz\AppData\Local\Microsoft\WindowsApps;C:\Program Files\Microsoft VS Code\bin;c:\Program Files (x86)\Microsoft SQL Server\100\Tools\Binn\;c:\Program Files\Microsoft SQL Server\100\Tools\Binn\;c:\Program Files\Microsoft SQL Server\100\DTS\Binn\;C:\Users\Gabriel Luiz\AppData\Local\Programs\Python\Python37;C:\Program Files\Git\cmd;C:\MinGW\bin;C:\Program Files\dotnet\;C:\WINDOWS\system32;C:\WINDOWS;C:\WINDOWS\System32\Wbem;C:\WINDOWS\System32\WindowsPowerShell\v1.0\;C:\WINDOWS\System32\OpenSSH\;C:\Program Files\nodejs\;C:\ProgramData\chocolatey\bin;C:\Program Files (x86)\NVIDIA Corporation\PhysX\Common;C:\Program Files\Pandoc\;C:\Program Files\MiKTeX 2.9\miktex\bin\x64\;C:\Users\Gabriel Luiz\AppData\Local\Programs\Python\Python38-32\Scripts\;C:\Users\Gabriel Luiz\AppData\Local\Programs\Python\Python38-32\;C:\Users\Gabriel Luiz\AppData\Local\Microsoft\WindowsApps;C:\Users\Gabriel Luiz\AppData\Roaming\npm;C:\WINDOWS\system32;
USERNAME=Gabriel Luiz
OS=Windows_NT
PROCESSOR_IDENTIFIER=Intel64 Family 6 Model 60 Stepping 3, GenuineIntel



---------------  S Y S T E M  ---------------

OS: Windows 10 , 64 bit Build 18362 (10.0.18362.900)

CPU:total 8 (initial active 8) (4 cores per cpu, 2 threads per core) family 6 model 60 stepping 3, cmov, cx8, fxsr, mmx, sse, sse2, sse3, ssse3, sse4.1, sse4.2, popcnt, avx, avx2, aes, clmul, erms, lzcnt, ht, tsc, tscinvbit, bmi1, bmi2, fma

Memory: 4k page, system-wide physical 16326M (4490M free)
TotalPageFile size 65463M (AvailPageFile size 71M)
current process WorkingSet (physical memory assigned to process): 10M, peak: 10M
current process commit charge ("private bytes"): 61M, peak: 317M

vm_info: Java HotSpot(TM) 64-Bit Server VM (13.0.2+8) for windows-amd64 JRE (13.0.2+8), built on Dec 11 2019 09:20:33 by "mach5one" with unknown MS VC++:1916

END.
